g3log created log at: Sat Mar 12 19:01:05 2016

0,	INFO,	pos_r, vel_r, euler_r, quat_r, rot_rate_r
103413,	INFO,	0.000002 , -0.000000 , 0.040250 , 0.000000 , 0.000000 , 0.000000 , -0.000000 , -0.000000 , -0.000000 , 1.000000 , -0.000000 , -0.000000 , -0.000000 , -0.000001 , -0.000001 , 0.000000 , 4929.655762 , 4929.655762 , 4929.655762 , 4929.655762
177722,	INFO,	0.000002 , 0.000013 , 0.040295 , 0.000000 , 0.001269 , 0.004495 , 0.000116 , -0.000000 , -0.000028 , 1.000000 , 0.000058 , -0.000000 , -0.000014 , 0.011567 , -0.000000 , -0.002773 , 4936.876953 , 4928.012695 , 4936.876953 , 4916.474609
232079,	INFO,	0.000002 , 0.000038 , 0.040565 , 0.000000 , 0.001234 , 0.016481 , 0.000312 , 0.000000 , -0.000077 , 1.000000 , 0.000156 , -0.000000 , -0.000038 , 0.008101 , 0.000007 , -0.002126 , 4930.381836 , 4922.618164 , 4930.381836 , 4913.431152
288623,	INFO,	0.000002 , 0.000061 , 0.041072 , 0.000000 , 0.001159 , 0.028292 , 0.000343 , 0.000000 , -0.000095 , 1.000000 , 0.000172 , 0.000000 , -0.000047 , -0.000397 , 0.000013 , -0.000501 , 4921.084473 , 4917.244141 , 4921.084473 , 4915.989746
342692,	INFO,	0.000002 , 0.000083 , 0.041809 , 0.000001 , 0.001084 , 0.039650 , 0.000249 , 0.000001 , -0.000086 , 1.000000 , 0.000125 , 0.000000 , -0.000043 , -0.005337 , 0.000020 , 0.000607 , 4913.623047 , 4911.676270 , 4913.623047 , 4915.568848
398084,	INFO,	0.000002 , 0.000104 , 0.042767 , 0.000001 , 0.001037 , 0.050561 , 0.000143 , 0.000001 , -0.000068 , 1.000000 , 0.000072 , 0.000001 , -0.000034 , -0.004785 , 0.000027 , 0.000935 , 4908.523926 , 4906.585449 , 4908.523926 , 4910.461426
453406,	INFO,	0.000002 , 0.000125 , 0.043936 , 0.000001 , 0.001012 , 0.061037 , 0.000094 , 0.000002 , -0.000049 , 1.000000 , 0.000047 , 0.000001 , -0.000025 , -0.001682 , 0.000033 , 0.000935 , 4901.671387 , 4904.853027 , 4901.671387 , 4906.008301
519302,	INFO,	0.000002 , 0.000144 , 0.045308 , 0.000001 , 0.000995 , 0.071087 , 0.000099 , 0.000003 , -0.000032 , 1.000000 , 0.000049 , 0.000001 , -0.000016 , 0.000594 , 0.000040 , 0.000770 , 4898.704590 , 4899.223145 , 4898.704590 , 4898.186035
584997,	INFO,	0.000002 , 0.000164 , 0.046875 , 0.000002 , 0.000974 , 0.080723 , 0.000118 , 0.000003 , -0.000022 , 1.000000 , 0.000059 , 0.000002 , -0.000011 , 0.000861 , 0.000046 , 0.000494 , 4893.980469 , 4894.672852 , 4893.980469 , 4893.287598
641268,	INFO,	0.000002 , 0.000183 , 0.048629 , 0.000003 , 0.000949 , 0.089956 , 0.000122 , 0.000004 , -0.000012 , 1.000000 , 0.000061 , 0.000002 , -0.000006 , -0.000062 , 0.000052 , 0.000493 , 4889.375977 , 4889.375977 , 4889.375977 , 4889.375977
701717,	INFO,	0.000002 , 0.000202 , 0.050561 , 0.000004 , 0.000924 , 0.098797 , 0.000108 , 0.000006 , -0.000002 , 1.000000 , 0.000054 , 0.000003 , -0.000001 , -0.000743 , 0.000058 , 0.000493 , 4884.890625 , 4884.890625 , 4884.890625 , 4884.890625
774027,	INFO,	0.000002 , 0.000220 , 0.052665 , 0.000005 , 0.000902 , 0.107256 , 0.000093 , 0.000007 , 0.000008 , 1.000000 , 0.000047 , 0.000003 , 0.000004 , -0.000738 , 0.000065 , 0.000493 , 4880.521973 , 4880.521973 , 4880.521973 , 4880.521973
835610,	INFO,	0.000002 , 0.000238 , 0.054932 , 0.000006 , 0.000883 , 0.115342 , 0.000079 , 0.000008 , 0.000018 , 1.000000 , 0.000039 , 0.000004 , 0.000009 , -0.000732 , 0.000070 , 0.000493 , 4876.268066 , 4876.268066 , 4876.268066 , 4876.268066
904680,	INFO,	0.000002 , 0.000255 , 0.057355 , 0.000008 , 0.000867 , 0.123068 , 0.000064 , 0.000010 , 0.000027 , 1.000000 , 0.000032 , 0.000005 , 0.000014 , -0.000726 , 0.000077 , 0.000493 , 4872.125488 , 4872.125488 , 4872.125488 , 4872.125488
964261,	INFO,	0.000003 , 0.000272 , 0.059928 , 0.000010 , 0.000855 , 0.130441 , 0.000050 , 0.000011 , 0.000037 , 1.000000 , 0.000025 , 0.000006 , 0.000019 , -0.000721 , 0.000083 , 0.000493 , 4868.094238 , 4868.094238 , 4868.094238 , 4868.094238
1025701,	INFO,	0.000003 , 0.000289 , 0.062643 , 0.000012 , 0.000845 , 0.137473 , 0.000035 , 0.000013 , 0.000047 , 1.000000 , 0.000018 , 0.000007 , 0.000024 , -0.000716 , 0.000088 , 0.000493 , 4862.419922 , 4865.920898 , 4862.419922 , 4865.920898
1080311,	INFO,	0.000003 , 0.000306 , 0.065493 , 0.000015 , 0.000838 , 0.144171 , 0.000021 , 0.000015 , 0.000055 , 1.000000 , 0.000011 , 0.000007 , 0.000028 , -0.000711 , 0.000095 , 0.000340 , 4860.353027 , 4860.353027 , 4860.353027 , 4860.353027
1146085,	INFO,	0.000004 , 0.000323 , 0.068473 , 0.000018 , 0.000834 , 0.150544 , 0.000007 , 0.000017 , 0.000058 , 1.000000 , 0.000003 , 0.000008 , 0.000029 , -0.000705 , 0.000101 , 0.000085 , 4856.641113 , 4856.641113 , 4856.641113 , 4856.641113
1205518,	INFO,	0.000004 , 0.000339 , 0.071575 , 0.000022 , 0.000833 , 0.156604 , -0.000007 , 0.000019 , 0.000059 , 1.000000 , -0.000004 , 0.000010 , 0.000030 , -0.000700 , 0.000107 , 0.000085 , 4853.030273 , 4853.030273 , 4853.030273 , 4853.030273
1266921,	INFO,	0.000004 , 0.000356 , 0.074794 , 0.000026 , 0.000835 , 0.162358 , -0.000021 , 0.000021 , 0.000061 , 1.000000 , -0.000010 , 0.000011 , 0.000031 , -0.000694 , 0.000113 , 0.000085 , 4849.520020 , 4849.520020 , 4849.520020 , 4849.520020
1321447,	INFO,	0.000005 , 0.000373 , 0.078124 , 0.000030 , 0.000840 , 0.167815 , -0.000035 , 0.000024 , 0.000063 , 1.000000 , -0.000017 , 0.000012 , 0.000031 , -0.000689 , 0.000120 , 0.000084 , 4846.108398 , 4846.108398 , 4846.108398 , 4846.108398
1376863,	INFO,	0.000006 , 0.000390 , 0.081558 , 0.000035 , 0.000847 , 0.172982 , -0.000048 , 0.000026 , 0.000064 , 1.000000 , -0.000024 , 0.000013 , 0.000032 , -0.000683 , 0.000126 , 0.000084 , 4842.793457 , 4842.793457 , 4842.793457 , 4842.793457
1442706,	INFO,	0.000006 , 0.000407 , 0.085092 , 0.000040 , 0.000857 , 0.177871 , -0.000062 , 0.000029 , 0.000066 , 1.000000 , -0.000031 , 0.000014 , 0.000033 , -0.000678 , 0.000132 , 0.000084 , 4839.572754 , 4839.572754 , 4839.572754 , 4839.572754
1503314,	INFO,	0.000007 , 0.000424 , 0.088719 , 0.000046 , 0.000870 , 0.182486 , -0.000076 , 0.000031 , 0.000068 , 1.000000 , -0.000038 , 0.000016 , 0.000034 , -0.000673 , 0.000138 , 0.000084 , 4836.444824 , 4835.937012 , 4836.444824 , 4836.952637
1558766,	INFO,	0.000008 , 0.000442 , 0.092434 , 0.000052 , 0.000886 , 0.186837 , -0.000086 , 0.000034 , 0.000069 , 1.000000 , -0.000043 , 0.000017 , 0.000035 , -0.000369 , 0.000143 , 0.000084 , 4833.408203 , 4833.408203 , 4833.408203 , 4833.408203
1625650,	INFO,	0.000010 , 0.000460 , 0.096233 , 0.000059 , 0.000903 , 0.190932 , -0.000084 , 0.000037 , 0.000071 , 1.000000 , -0.000042 , 0.000019 , 0.000036 , 0.000134 , 0.000149 , 0.000084 , 4830.460938 , 4830.460938 , 4830.460938 , 4830.460938
1700287,	INFO,	0.000011 , 0.000478 , 0.100110 , 0.000067 , 0.000920 , 0.194780 , -0.000082 , 0.000040 , 0.000073 , 1.000000 , -0.000041 , 0.000020 , 0.000036 , 0.000137 , 0.000155 , 0.000084 , 4827.599609 , 4827.599609 , 4827.599609 , 4827.599609
1760790,	INFO,	0.000012 , 0.000497 , 0.104060 , 0.000075 , 0.000936 , 0.198384 , -0.000079 , 0.000043 , 0.000074 , 1.000000 , -0.000039 , 0.000022 , 0.000037 , 0.000141 , 0.000161 , 0.000084 , 4824.825195 , 4824.825195 , 4824.825195 , 4824.825195
1826541,	INFO,	0.000014 , 0.000516 , 0.108079 , 0.000084 , 0.000952 , 0.201756 , -0.000076 , 0.000047 , 0.000076 , 1.000000 , -0.000038 , 0.000023 , 0.000038 , 0.000144 , 0.000167 , 0.000083 , 4822.133789 , 4822.133789 , 4822.133789 , 4822.133789
1881693,	INFO,	0.000016 , 0.000535 , 0.112161 , 0.000093 , 0.000967 , 0.204901 , -0.000073 , 0.000050 , 0.000078 , 1.000000 , -0.000036 , 0.000025 , 0.000039 , 0.000148 , 0.000174 , 0.000083 , 4819.524414 , 4819.524414 , 4819.524414 , 4819.524414
1941207,	INFO,	0.000018 , 0.000555 , 0.116304 , 0.000103 , 0.000981 , 0.207824 , -0.000070 , 0.000054 , 0.000079 , 1.000000 , -0.000035 , 0.000027 , 0.000040 , 0.000151 , 0.000179 , 0.000083 , 4816.995605 , 4816.995605 , 4816.995605 , 4816.995605
1996405,	INFO,	0.000020 , 0.000574 , 0.120501 , 0.000114 , 0.000995 , 0.210536 , -0.000067 , 0.000057 , 0.000081 , 1.000000 , -0.000033 , 0.000029 , 0.000041 , 0.000154 , 0.000185 , 0.000083 , 4814.545410 , 4814.545410 , 4814.545410 , 4814.545410
2067403,	INFO,	0.000022 , 0.000594 , 0.124750 , 0.000126 , 0.001008 , 0.213041 , -0.000064 , 0.000061 , 0.000083 , 1.000000 , -0.000032 , 0.000031 , 0.000041 , 0.000158 , 0.000191 , 0.000083 , 4812.171387 , 4812.171387 , 4812.171387 , 4812.171387
2123935,	INFO,	0.000025 , 0.000615 , 0.129046 , 0.000138 , 0.001021 , 0.215346 , -0.000061 , 0.000065 , 0.000084 , 1.000000 , -0.000030 , 0.000033 , 0.000042 , 0.000162 , 0.000197 , 0.000083 , 4809.874023 , 4809.874023 , 4809.874023 , 4809.874023
2194955,	INFO,	0.000028 , 0.000635 , 0.133385 , 0.000151 , 0.001033 , 0.217459 , -0.000057 , 0.000069 , 0.000086 , 1.000000 , -0.000029 , 0.000035 , 0.000043 , 0.000166 , 0.000202 , 0.000083 , 4807.648926 , 4807.648926 , 4807.648926 , 4807.648926
2254847,	INFO,	0.000031 , 0.000656 , 0.137763 , 0.000165 , 0.001044 , 0.219384 , -0.000054 , 0.000073 , 0.000088 , 1.000000 , -0.000027 , 0.000037 , 0.000044 , 0.000170 , 0.000208 , 0.000082 , 4805.496094 , 4805.496094 , 4805.496094 , 4805.496094
2312185,	INFO,	0.000035 , 0.000677 , 0.142177 , 0.000179 , 0.001055 , 0.221127 , -0.000050 , 0.000078 , 0.000089 , 1.000000 , -0.000025 , 0.000039 , 0.000045 , 0.000174 , 0.000214 , 0.000082 , 4803.414062 , 4803.414062 , 4803.414062 , 4803.414062
2372716,	INFO,	0.000039 , 0.000699 , 0.146624 , 0.000195 , 0.001065 , 0.222696 , -0.000047 , 0.000082 , 0.000091 , 1.000000 , -0.000023 , 0.000041 , 0.000046 , 0.000178 , 0.000219 , 0.000082 , 4801.400391 , 4801.400391 , 4801.400391 , 4801.400391
2427998,	INFO,	0.000043 , 0.000720 , 0.151099 , 0.000211 , 0.001074 , 0.224097 , -0.000043 , 0.000086 , 0.000093 , 1.000000 , -0.000022 , 0.000043 , 0.000046 , 0.000181 , 0.000225 , 0.000082 , 4799.453125 , 4799.453125 , 4799.453125 , 4799.453125
2483203,	INFO,	0.000047 , 0.000742 , 0.155600 , 0.000228 , 0.001082 , 0.225331 , -0.000040 , 0.000091 , 0.000094 , 1.000000 , -0.000020 , 0.000045 , 0.000047 , 0.000185 , 0.000231 , 0.000082 , 4797.573730 , 4797.573730 , 4797.573730 , 4797.573730
2543752,	INFO,	0.000052 , 0.000763 , 0.160123 , 0.000246 , 0.001090 , 0.226410 , -0.000036 , 0.000096 , 0.000096 , 1.000000 , -0.000018 , 0.000048 , 0.000048 , 0.000189 , 0.000237 , 0.000082 , 4795.757324 , 4795.757324 , 4795.757324 , 4795.757324
2614985,	INFO,	0.000057 , 0.000785 , 0.164665 , 0.000265 , 0.001097 , 0.227335 , -0.000032 , 0.000101 , 0.000098 , 1.000000 , -0.000016 , 0.000050 , 0.000049 , 0.000193 , 0.000243 , 0.000082 , 4794.003906 , 4794.003906 , 4794.003906 , 4794.003906
2707372,	INFO,	0.000063 , 0.000807 , 0.169224 , 0.000285 , 0.001103 , 0.228113 , -0.000028 , 0.000105 , 0.000099 , 1.000000 , -0.000014 , 0.000053 , 0.000050 , 0.000197 , 0.000248 , 0.000082 , 4792.311523 , 4792.311523 , 4792.311523 , 4792.311523
2777467,	INFO,	0.000069 , 0.000829 , 0.173796 , 0.000306 , 0.001108 , 0.228749 , -0.000024 , 0.000110 , 0.000101 , 1.000000 , -0.000012 , 0.000055 , 0.000050 , 0.000200 , 0.000253 , 0.000081 , 4790.679199 , 4790.679199 , 4790.679199 , 4790.679199
2853915,	INFO,	0.000075 , 0.000852 , 0.178378 , 0.000328 , 0.001113 , 0.229248 , -0.000020 , 0.000116 , 0.000102 , 1.000000 , -0.000010 , 0.000058 , 0.000051 , 0.000203 , 0.000259 , 0.000081 , 4789.105469 , 4789.105469 , 4789.105469 , 4789.105469
2919795,	INFO,	0.000082 , 0.000874 , 0.182969 , 0.000351 , 0.001117 , 0.229615 , -0.000016 , 0.000121 , 0.000104 , 1.000000 , -0.000008 , 0.000060 , 0.000052 , 0.000207 , 0.000266 , 0.000081 , 4787.588867 , 4787.588867 , 4787.588867 , 4787.588867
2996520,	INFO,	0.000090 , 0.000896 , 0.187565 , 0.000375 , 0.001120 , 0.229853 , -0.000012 , 0.000126 , 0.000106 , 1.000000 , -0.000006 , 0.000063 , 0.000053 , 0.000210 , 0.000272 , 0.000081 , 4786.128418 , 4786.128418 , 4786.128418 , 4786.128418
3069937,	INFO,	0.000097 , 0.000919 , 0.192164 , 0.000400 , 0.001122 , 0.229970 , -0.000007 , 0.000132 , 0.000107 , 1.000000 , -0.000004 , 0.000066 , 0.000054 , 0.000214 , 0.000278 , 0.000081 , 4784.721680 , 4784.721680 , 4784.721680 , 4784.721680
3126557,	INFO,	0.000106 , 0.000941 , 0.196764 , 0.000426 , 0.001123 , 0.229968 , -0.000003 , 0.000138 , 0.000109 , 1.000000 , -0.000002 , 0.000069 , 0.000054 , 0.000218 , 0.000283 , 0.000081 , 4783.368164 , 4783.368164 , 4783.368164 , 4783.368164
3185417,	INFO,	0.000115 , 0.000964 , 0.201362 , 0.000453 , 0.001124 , 0.229852 , 0.000001 , 0.000143 , 0.000111 , 1.000000 , 0.000001 , 0.000072 , 0.000055 , 0.000223 , 0.000288 , 0.000081 , 4782.558105 , 4782.066895 , 4781.575684 , 4782.066895
3240638,	INFO,	0.000124 , 0.000986 , 0.205956 , 0.000481 , 0.001123 , 0.229627 , 0.000006 , 0.000146 , 0.000112 , 1.000000 , 0.000003 , 0.000073 , 0.000056 , 0.000226 , 0.000009 , 0.000081 , 4780.815918 , 4780.815918 , 4780.815918 , 4780.815918
3300000,	INFO,	0.000134 , 0.001009 , 0.210543 , 0.000510 , 0.001122 , 0.229299 , 0.000010 , 0.000138 , 0.000114 , 1.000000 , 0.000005 , 0.000069 , 0.000057 , 0.000230 , -0.000459 , 0.000080 , 4779.612793 , 4779.612793 , 4779.612793 , 4779.612793
3356291,	INFO,	0.000145 , 0.001031 , 0.215123 , 0.000537 , 0.001120 , 0.228867 , 0.000015 , 0.000129 , 0.000115 , 1.000000 , 0.000008 , 0.000064 , 0.000058 , 0.000234 , -0.000453 , 0.000080 , 4778.459473 , 4778.459473 , 4778.459473 , 4778.459473
3421102,	INFO,	0.000156 , 0.001053 , 0.219693 , 0.000562 , 0.001117 , 0.228341 , 0.000020 , 0.000120 , 0.000117 , 1.000000 , 0.000010 , 0.000060 , 0.000058 , 0.000238 , -0.000446 , 0.000080 , 4777.351074 , 4777.351074 , 4777.351074 , 4777.351074
3481620,	INFO,	0.000168 , 0.001076 , 0.224250 , 0.000585 , 0.001113 , 0.227720 , 0.000025 , 0.000111 , 0.000119 , 1.000000 , 0.000012 , 0.000056 , 0.000059 , 0.000241 , -0.000439 , 0.000080 , 4776.290039 , 4776.290039 , 4776.290039 , 4776.290039
3543128,	INFO,	0.000180 , 0.001098 , 0.228794 , 0.000607 , 0.001108 , 0.227007 , 0.000030 , 0.000102 , 0.000120 , 1.000000 , 0.000015 , 0.000051 , 0.000060 , 0.000246 , -0.000432 , 0.000080 , 4775.273438 , 4775.273438 , 4775.273438 , 4775.273438
3593151,	INFO,	0.000192 , 0.001120 , 0.233323 , 0.000627 , 0.001102 , 0.226212 , 0.000035 , 0.000094 , 0.000122 , 1.000000 , 0.000017 , 0.000047 , 0.000061 , 0.000249 , -0.000426 , 0.000080 , 4774.299805 , 4774.299805 , 4774.299805 , 4774.299805
3649660,	INFO,	0.000205 , 0.001142 , 0.237834 , 0.000645 , 0.001095 , 0.225337 , 0.000040 , 0.000086 , 0.000123 , 1.000000 , 0.000020 , 0.000043 , 0.000062 , 0.000252 , -0.000420 , 0.000080 , 4773.366699 , 4773.366699 , 4773.366699 , 4773.366699
3711108,	INFO,	0.000218 , 0.001164 , 0.242326 , 0.000661 , 0.001087 , 0.224380 , 0.000045 , 0.000077 , 0.000125 , 1.000000 , 0.000022 , 0.000039 , 0.000062 , 0.000255 , -0.000414 , 0.000080 , 4772.476074 , 4772.476074 , 4772.476074 , 4772.476074
3786772,	INFO,	0.000232 , 0.001185 , 0.246799 , 0.000676 , 0.001078 , 0.223348 , 0.000050 , 0.000069 , 0.000127 , 1.000000 , 0.000025 , 0.000035 , 0.000063 , 0.000259 , -0.000407 , 0.000079 , 4771.625977 , 4771.625977 , 4771.625977 , 4771.625977
3870790,	INFO,	0.000245 , 0.001207 , 0.251249 , 0.000690 , 0.001069 , 0.222245 , 0.000055 , 0.000061 , 0.000128 , 1.000000 , 0.000028 , 0.000031 , 0.000064 , 0.000263 , -0.000399 , 0.000079 , 4770.813965 , 4770.813965 , 4770.813965 , 4770.813965
3943085,	INFO,	0.000259 , 0.001228 , 0.255677 , 0.000701 , 0.001058 , 0.221077 , 0.000060 , 0.000053 , 0.000130 , 1.000000 , 0.000030 , 0.000027 , 0.000065 , 0.000266 , -0.000392 , 0.000079 , 4770.038086 , 4770.038086 , 4770.038086 , 4770.038086
4023069,	INFO,	0.000273 , 0.001249 , 0.260080 , 0.000712 , 0.001046 , 0.219840 , 0.000066 , 0.000045 , 0.000131 , 1.000000 , 0.000033 , 0.000023 , 0.000066 , 0.000270 , -0.000386 , 0.000079 , 4769.301270 , 4769.301270 , 4769.301270 , 4769.301270
4083758,	INFO,	0.000288 , 0.001270 , 0.264457 , 0.000720 , 0.001033 , 0.218540 , 0.000071 , 0.000038 , 0.000133 , 1.000000 , 0.000036 , 0.000019 , 0.000066 , 0.000273 , -0.000378 , 0.000079 , 4768.599609 , 4768.599609 , 4768.599609 , 4768.599609
4144729,	INFO,	0.000302 , 0.001290 , 0.268808 , 0.000727 , 0.001019 , 0.217184 , 0.000077 , 0.000030 , 0.000134 , 1.000000 , 0.000038 , 0.000015 , 0.000067 , 0.000278 , -0.000372 , 0.000079 , 4767.932129 , 4767.932129 , 4767.932129 , 4767.932129
4201299,	INFO,	0.000317 , 0.001310 , 0.273130 , 0.000733 , 0.001004 , 0.215769 , 0.000082 , 0.000023 , 0.000136 , 1.000000 , 0.000041 , 0.000011 , 0.000068 , 0.000281 , -0.000364 , 0.000079 , 4767.299805 , 4767.299805 , 4767.299805 , 4767.299805
4255388,	INFO,	0.000332 , 0.001330 , 0.277424 , 0.000737 , 0.000988 , 0.214303 , 0.000088 , 0.000016 , 0.000138 , 1.000000 , 0.000044 , 0.000008 , 0.000069 , 0.000285 , -0.000358 , 0.000078 , 4766.699219 , 4766.699219 , 4766.699219 , 4766.699219
4315957,	INFO,	0.000346 , 0.001350 , 0.281687 , 0.000740 , 0.000970 , 0.212786 , 0.000094 , 0.000009 , 0.000139 , 1.000000 , 0.000047 , 0.000004 , 0.000070 , 0.000287 , -0.000353 , 0.000078 , 4766.130371 , 4766.130371 , 4766.130371 , 4766.130371
4372732,	INFO,	0.000361 , 0.001369 , 0.285919 , 0.000742 , 0.000952 , 0.211221 , 0.000099 , 0.000002 , 0.000141 , 1.000000 , 0.000050 , 0.000001 , 0.000070 , 0.000291 , -0.000346 , 0.000078 , 4765.592285 , 4765.592285 , 4765.592285 , 4765.592285
4428140,	INFO,	0.000376 , 0.001387 , 0.290120 , 0.000742 , 0.000932 , 0.209609 , 0.000105 , -0.000005 , 0.000142 , 1.000000 , 0.000053 , -0.000003 , 0.000071 , 0.000294 , -0.000339 , 0.000078 , 4765.085449 , 4765.085449 , 4765.085449 , 4765.085449
4483526,	INFO,	0.000391 , 0.001406 , 0.294287 , 0.000741 , 0.000912 , 0.207952 , 0.000111 , -0.000012 , 0.000144 , 1.000000 , 0.000056 , -0.000006 , 0.000072 , 0.000297 , -0.000333 , 0.000078 , 4764.608887 , 4764.608887 , 4764.608887 , 4764.608887
4534459,	INFO,	0.000406 , 0.001424 , 0.298421 , 0.000738 , 0.000890 , 0.206259 , 0.000117 , -0.000018 , 0.000145 , 1.000000 , 0.000059 , -0.000009 , 0.000073 , 0.000301 , -0.000325 , 0.000078 , 4764.158203 , 4764.158203 , 4764.158203 , 4764.158203
4593871,	INFO,	0.000420 , 0.001441 , 0.302520 , 0.000735 , 0.000867 , 0.204524 , 0.000123 , -0.000025 , 0.000147 , 1.000000 , 0.000062 , -0.000012 , 0.000073 , 0.000304 , -0.000319 , 0.000078 , 4763.736816 , 4763.736816 , 4763.736816 , 4763.736816
4654327,	INFO,	0.000435 , 0.001458 , 0.306584 , 0.000730 , 0.000843 , 0.202757 , 0.000129 , -0.000031 , 0.000148 , 1.000000 , 0.000065 , -0.000015 , 0.000074 , 0.000308 , -0.000312 , 0.000077 , 4761.578613 , 4765.102539 , 4761.578613 , 4765.102539
4709641,	INFO,	0.000450 , 0.001475 , 0.310612 , 0.000724 , 0.000818 , 0.200954 , 0.000136 , -0.000037 , 0.000149 , 1.000000 , 0.000068 , -0.000019 , 0.000074 , 0.000310 , -0.000305 , -0.000073 , 4762.971680 , 4762.971680 , 4762.971680 , 4762.971680
4765818,	INFO,	0.000464 , 0.001491 , 0.314604 , 0.000716 , 0.000791 , 0.199121 , 0.000142 , -0.000043 , 0.000143 , 1.000000 , 0.000071 , -0.000022 , 0.000071 , 0.000314 , -0.000299 , -0.000325 , 4762.626953 , 4763.129395 , 4762.626953 , 4762.124512
4827287,	INFO,	0.000478 , 0.001506 , 0.318558 , 0.000708 , 0.000763 , 0.197259 , 0.000145 , -0.000049 , 0.000136 , 1.000000 , 0.000073 , -0.000024 , 0.000068 , 0.000026 , -0.000292 , -0.000325 , 4762.306641 , 4762.306641 , 4762.306641 , 4762.306641
4881454,	INFO,	0.000492 , 0.001521 , 0.322475 , 0.000698 , 0.000734 , 0.195363 , 0.000137 , -0.000055 , 0.000130 , 1.000000 , 0.000069 , -0.000027 , 0.000065 , -0.000454 , -0.000286 , -0.000325 , 4762.012207 , 4762.012207 , 4762.012207 , 4762.012207
4941844,	INFO,	0.000506 , 0.001535 , 0.326354 , 0.000687 , 0.000708 , 0.193450 , 0.000128 , -0.000060 , 0.000123 , 1.000000 , 0.000064 , -0.000030 , 0.000062 , -0.000448 , -0.000279 , -0.000325 , 4761.737305 , 4761.737305 , 4761.737305 , 4761.737305
4998028,	INFO,	0.000520 , 0.001549 , 0.330194 , 0.000676 , 0.000683 , 0.191513 , 0.000119 , -0.000066 , 0.000117 , 1.000000 , 0.000060 , -0.000033 , 0.000058 , -0.000444 , -0.000272 , -0.000325 , 4761.484863 , 4761.484863 , 4761.484863 , 4761.484863
5053270,	INFO,	0.000533 , 0.001562 , 0.333995 , 0.000663 , 0.000660 , 0.189549 , 0.000111 , -0.000071 , 0.000110 , 1.000000 , 0.000055 , -0.000036 , 0.000055 , -0.000440 , -0.000265 , -0.000325 , 4761.256348 , 4761.256348 , 4761.256348 , 4761.256348
5109630,	INFO,	0.000546 , 0.001575 , 0.337756 , 0.000649 , 0.000639 , 0.187567 , 0.000102 , -0.000076 , 0.000104 , 1.000000 , 0.000051 , -0.000038 , 0.000052 , -0.000435 , -0.000259 , -0.000325 , 4761.047363 , 4761.047363 , 4761.047363 , 4761.047363
5181134,	INFO,	0.000559 , 0.001588 , 0.341477 , 0.000634 , 0.000619 , 0.185570 , 0.000093 , -0.000081 , 0.000097 , 1.000000 , 0.000047 , -0.000041 , 0.000049 , -0.000430 , -0.000252 , -0.000326 , 4760.856934 , 4760.856934 , 4760.856934 , 4760.856934
5240731,	INFO,	0.000571 , 0.001600 , 0.345159 , 0.000618 , 0.000601 , 0.183555 , 0.000085 , -0.000086 , 0.000090 , 1.000000 , 0.000042 , -0.000043 , 0.000045 , -0.000426 , -0.000246 , -0.000326 , 4760.686523 , 4760.686523 , 4760.686523 , 4760.686523
5295843,	INFO,	0.000583 , 0.001611 , 0.348799 , 0.000601 , 0.000585 , 0.181526 , 0.000076 , -0.000091 , 0.000084 , 1.000000 , 0.000038 , -0.000046 , 0.000042 , -0.000421 , -0.000240 , -0.000326 , 4760.535156 , 4760.535156 , 4760.535156 , 4760.535156
5363825,	INFO,	0.000595 , 0.001623 , 0.352399 , 0.000583 , 0.000571 , 0.179479 , 0.000068 , -0.000096 , 0.000077 , 1.000000 , 0.000034 , -0.000048 , 0.000039 , -0.000416 , -0.000232 , -0.000326 , 4760.404297 , 4760.404297 , 4760.404297 , 4760.404297
5423425,	INFO,	0.000606 , 0.001634 , 0.355958 , 0.000564 , 0.000558 , 0.177425 , 0.000060 , -0.000100 , 0.000071 , 1.000000 , 0.000030 , -0.000050 , 0.000035 , -0.000411 , -0.000226 , -0.000326 , 4760.288086 , 4760.288086 , 4760.288086 , 4760.288086
5483866,	INFO,	0.000617 , 0.001645 , 0.359475 , 0.000545 , 0.000546 , 0.175360 , 0.000051 , -0.000105 , 0.000064 , 1.000000 , 0.000026 , -0.000052 , 0.000032 , -0.000406 , -0.000219 , -0.000326 , 4760.188965 , 4760.188965 , 4760.188965 , 4760.188965
5540267,	INFO,	0.000628 , 0.001656 , 0.362951 , 0.000524 , 0.000536 , 0.173283 , 0.000043 , -0.000109 , 0.000058 , 1.000000 , 0.000022 , -0.000055 , 0.000029 , -0.000401 , -0.000212 , -0.000327 , 4760.108398 , 4760.108398 , 4760.108398 , 4760.108398
5594413,	INFO,	0.000638 , 0.001666 , 0.366386 , 0.000503 , 0.000528 , 0.171202 , 0.000035 , -0.000113 , 0.000051 , 1.000000 , 0.000018 , -0.000057 , 0.000026 , -0.000397 , -0.000205 , -0.000327 , 4760.041016 , 4760.041016 , 4760.041016 , 4760.041016
5649798,	INFO,	0.000648 , 0.001677 , 0.369779 , 0.000481 , 0.000522 , 0.169113 , 0.000028 , -0.000117 , 0.000045 , 1.000000 , 0.000014 , -0.000059 , 0.000022 , -0.000393 , -0.000199 , -0.000327 , 4759.990234 , 4759.990234 , 4759.990234 , 4759.990234
5706288,	INFO,	0.000657 , 0.001687 , 0.373129 , 0.000458 , 0.000516 , 0.167018 , 0.000020 , -0.000121 , 0.000038 , 1.000000 , 0.000010 , -0.000061 , 0.000019 , -0.000387 , -0.000193 , -0.000327 , 4759.954102 , 4759.954102 , 4759.954102 , 4759.954102
5763684,	INFO,	0.000666 , 0.001698 , 0.376438 , 0.000435 , 0.000513 , 0.164923 , 0.000012 , -0.000125 , 0.000032 , 1.000000 , 0.000006 , -0.000062 , 0.000016 , -0.000382 , -0.000186 , -0.000327 , 4759.931152 , 4759.931152 , 4759.931152 , 4759.931152
5842679,	INFO,	0.000674 , 0.001708 , 0.379705 , 0.000410 , 0.000511 , 0.162819 , 0.000005 , -0.000129 , 0.000025 , 1.000000 , 0.000002 , -0.000064 , 0.000013 , -0.000377 , -0.000180 , -0.000327 , 4759.923828 , 4759.923828 , 4759.923828 , 4759.923828
5908453,	INFO,	0.000682 , 0.001718 , 0.382930 , 0.000385 , 0.000510 , 0.160721 , -0.000003 , -0.000132 , 0.000019 , 1.000000 , -0.000001 , -0.000066 , 0.000009 , -0.000374 , -0.000173 , -0.000327 , 4759.926758 , 4759.926758 , 4759.926758 , 4759.926758
5976647,	INFO,	0.000689 , 0.001728 , 0.386113 , 0.000360 , 0.000511 , 0.158620 , -0.000010 , -0.000135 , 0.000012 , 1.000000 , -0.000005 , -0.000068 , 0.000006 , -0.000370 , -0.000167 , -0.000327 , 4759.943359 , 4759.943359 , 4759.943359 , 4759.943359
6041530,	INFO,	0.000696 , 0.001738 , 0.389254 , 0.000333 , 0.000513 , 0.156522 , -0.000018 , -0.000139 , 0.000006 , 1.000000 , -0.000009 , -0.000069 , 0.000003 , -0.000365 , -0.000161 , -0.000328 , 4759.971191 , 4759.971191 , 4759.971191 , 4759.971191
6129085,	INFO,	0.000702 , 0.001749 , 0.392353 , 0.000306 , 0.000516 , 0.154418 , -0.000025 , -0.000142 , -0.000001 , 1.000000 , -0.000012 , -0.000071 , -0.000001 , -0.000359 , -0.000154 , -0.000328 , 4760.014160 , 4760.014160 , 4760.014160 , 4760.014160
6200590,	INFO,	0.000708 , 0.001759 , 0.395410 , 0.000279 , 0.000521 , 0.152326 , -0.000032 , -0.000145 , -0.000008 , 1.000000 , -0.000016 , -0.000072 , -0.000004 , -0.000354 , -0.000147 , -0.000328 , 4760.063965 , 4760.063965 , 4760.063965 , 4760.063965
6265166,	INFO,	0.000713 , 0.001770 , 0.398425 , 0.000251 , 0.000528 , 0.150231 , -0.000039 , -0.000148 , -0.000014 , 1.000000 , -0.000020 , -0.000074 , -0.000007 , -0.000350 , -0.000142 , -0.000328 , 4760.127930 , 4760.127930 , 4760.127930 , 4760.127930
6322652,	INFO,	0.000718 , 0.001780 , 0.401398 , 0.000222 , 0.000535 , 0.148144 , -0.000046 , -0.000150 , -0.000021 , 1.000000 , -0.000023 , -0.000075 , -0.000010 , -0.000345 , -0.000136 , -0.000328 , 4760.199219 , 4760.199219 , 4760.199219 , 4760.199219
6383275,	INFO,	0.000722 , 0.001791 , 0.404330 , 0.000193 , 0.000545 , 0.146061 , -0.000053 , -0.000153 , -0.000027 , 1.000000 , -0.000026 , -0.000076 , -0.000014 , -0.000340 , -0.000129 , -0.000328 , 4760.282227 , 4760.282227 , 4760.282227 , 4760.282227
6442750,	INFO,	0.000725 , 0.001802 , 0.407220 , 0.000163 , 0.000555 , 0.143987 , -0.000060 , -0.000156 , -0.000034 , 1.000000 , -0.000030 , -0.000078 , -0.000017 , -0.000336 , -0.000123 , -0.000329 , 4760.373535 , 4760.373535 , 4760.373535 , 4760.373535
6508928,	INFO,	0.000728 , 0.001814 , 0.410069 , 0.000133 , 0.000567 , 0.141916 , -0.000066 , -0.000158 , -0.000040 , 1.000000 , -0.000033 , -0.000079 , -0.000020 , -0.000331 , -0.000117 , -0.000329 , 4760.475098 , 4760.475098 , 4760.475098 , 4760.475098
6589851,	INFO,	0.000730 , 0.001825 , 0.412876 , 0.000102 , 0.000580 , 0.139856 , -0.000073 , -0.000160 , -0.000047 , 1.000000 , -0.000036 , -0.000080 , -0.000023 , -0.000327 , -0.000111 , -0.000329 , 4760.583984 , 4760.583984 , 4760.583984 , 4760.583984
6650409,	INFO,	0.000732 , 0.001837 , 0.415642 , 0.000071 , 0.000594 , 0.137800 , -0.000079 , -0.000162 , -0.000054 , 1.000000 , -0.000040 , -0.000081 , -0.000027 , -0.000324 , -0.000106 , -0.000329 , 4760.703613 , 4760.703613 , 4760.703613 , 4760.703613
6705687,	INFO,	0.000733 , 0.001849 , 0.418368 , 0.000039 , 0.000610 , 0.135756 , -0.000086 , -0.000164 , -0.000060 , 1.000000 , -0.000043 , -0.000082 , -0.000030 , -0.000318 , -0.000098 , -0.000329 , 4760.829590 , 4760.829590 , 4760.829590 , 4760.829590
6775923,	INFO,	0.000733 , 0.001861 , 0.421052 , 0.000007 , 0.000626 , 0.133720 , -0.000092 , -0.000166 , -0.000067 , 1.000000 , -0.000046 , -0.000083 , -0.000033 , -0.000313 , -0.000092 , -0.000329 , 4760.963867 , 4760.963867 , 4760.963867 , 4760.963867
6851491,	INFO,	0.000733 , 0.001874 , 0.423696 , -0.000025 , 0.000644 , 0.131699 , -0.000098 , -0.000168 , -0.000073 , 1.000000 , -0.000049 , -0.000084 , -0.000037 , -0.000309 , -0.000085 , -0.000329 , 4761.103516 , 4761.103516 , 4761.103516 , 4761.103516
6917644,	INFO,	0.000732 , 0.001887 , 0.426300 , -0.000058 , 0.000663 , 0.129685 , -0.000104 , -0.000169 , -0.000080 , 1.000000 , -0.000052 , -0.000085 , -0.000040 , -0.000304 , -0.000079 , -0.000330 , 4761.251953 , 4761.251953 , 4761.251953 , 4761.251953
6975988,	INFO,	0.000730 , 0.001901 , 0.428864 , -0.000091 , 0.000684 , 0.127688 , -0.000110 , -0.000171 , -0.000087 , 1.000000 , -0.000055 , -0.000085 , -0.000043 , -0.000300 , -0.000072 , -0.000330 , 4763.177246 , 4759.629883 , 4763.177246 , 4759.629883
7031469,	INFO,	0.000728 , 0.001915 , 0.431388 , -0.000124 , 0.000705 , 0.125694 , -0.000116 , -0.000172 , -0.000092 , 1.000000 , -0.000058 , -0.000086 , -0.000046 , -0.000296 , -0.000067 , -0.000178 , 4761.566406 , 4761.566406 , 4761.566406 , 4761.566406
7088128,	INFO,	0.000725 , 0.001929 , 0.433872 , -0.000157 , 0.000728 , 0.123721 , -0.000122 , -0.000174 , -0.000091 , 1.000000 , -0.000061 , -0.000087 , -0.000045 , -0.000291 , -0.000061 , 0.000074 , 4761.731445 , 4761.731445 , 4761.731445 , 4761.731445
7143183,	INFO,	0.000721 , 0.001944 , 0.436317 , -0.000191 , 0.000752 , 0.121760 , -0.000128 , -0.000175 , -0.000089 , 1.000000 , -0.000064 , -0.000087 , -0.000045 , -0.000287 , -0.000055 , 0.000074 , 4761.902344 , 4761.902344 , 4761.902344 , 4761.902344
7198908,	INFO,	0.000717 , 0.001960 , 0.438723 , -0.000225 , 0.000777 , 0.119811 , -0.000134 , -0.000176 , -0.000088 , 1.000000 , -0.000067 , -0.000088 , -0.000044 , -0.000283 , -0.000049 , 0.000074 , 4762.079590 , 4762.079590 , 4762.079590 , 4762.079590
7265606,	INFO,	0.000712 , 0.001976 , 0.441090 , -0.000259 , 0.000803 , 0.117874 , -0.000139 , -0.000177 , -0.000086 , 1.000000 , -0.000070 , -0.000088 , -0.000043 , -0.000277 , -0.000042 , 0.000074 , 4762.262695 , 4762.262695 , 4762.262695 , 4762.262695
7327177,	INFO,	0.000706 , 0.001992 , 0.443419 , -0.000294 , 0.000830 , 0.115958 , -0.000145 , -0.000177 , -0.000085 , 1.000000 , -0.000072 , -0.000089 , -0.000042 , -0.000272 , -0.000036 , 0.000074 , 4762.447754 , 4762.447754 , 4762.447754 , 4762.447754
7381584,	INFO,	0.000700 , 0.002009 , 0.445709 , -0.000328 , 0.000858 , 0.114051 , -0.000150 , -0.000178 , -0.000083 , 1.000000 , -0.000075 , -0.000089 , -0.000042 , -0.000267 , -0.000029 , 0.000074 , 4762.641113 , 4760.202148 , 4762.641113 , 4765.079102
7443373,	INFO,	0.000693 , 0.002027 , 0.447962 , -0.000363 , 0.000889 , 0.112161 , -0.000141 , -0.000178 , -0.000082 , 1.000000 , -0.000071 , -0.000089 , -0.000041 , 0.001148 , -0.000024 , 0.000074 , 4762.836426 , 4761.056152 , 4762.836426 , 4764.615723
7525389,	INFO,	0.000685 , 0.002045 , 0.450177 , -0.000397 , 0.000919 , 0.110286 , -0.000065 , -0.000179 , -0.000080 , 1.000000 , -0.000033 , -0.000089 , -0.000040 , 0.004530 , -0.000017 , 0.000074 , 4763.036133 , 4763.036133 , 4763.036133 , 4763.036133
7587020,	INFO,	0.000676 , 0.002064 , 0.452355 , -0.000432 , 0.000930 , 0.108427 , 0.000056 , -0.000179 , -0.000079 , 1.000000 , 0.000028 , -0.000090 , -0.000039 , 0.006240 , -0.000012 , 0.000074 , 4335.876465 , 5371.062988 , 5362.655762 , 4325.458008
7648585,	INFO,	0.000664 , 0.002078 , 0.454531 , -0.000833 , 0.000544 , 0.110096 , -0.002898 , 0.002844 , -0.000073 , 0.999998 , -0.001449 , 0.001422 , -0.000039 , -0.301596 , 0.302332 , 0.000529 , 4496.188965 , 5241.615234 , 5235.197754 , 4488.705566
7708206,	INFO,	0.000646 , 0.002088 , 0.456847 , -0.000663 , 0.000714 , 0.117731 , -0.020379 , 0.020134 , 0.000129 , 0.999897 , -0.010188 , 0.010066 , -0.000038 , -1.036237 , 1.023690 , 0.005371 , 4877.857910 , 4877.823730 , 4851.724121 , 4903.763672
7795593,	INFO,	0.000691 , 0.002162 , 0.459317 , 0.003759 , 0.005188 , 0.125432 , -0.047699 , 0.047037 , 0.001036 , 0.999440 , -0.023828 , 0.023497 , -0.000043 , -1.397124 , 1.377725 , 0.008548 , 5095.065430 , 4633.346191 , 4594.927734 , 5139.903809
7894018,	INFO,	0.000916 , 0.002417 , 0.461932 , 0.014224 , 0.015790 , 0.132418 , -0.073960 , 0.072807 , 0.002535 , 0.998659 , -0.036901 , 0.036324 , -0.000080 , -1.231310 , 1.215261 , 0.002681 , 5094.064941 , 4619.484375 , 4614.591797 , 5108.049316
7968469,	INFO,	0.001431 , 0.002966 , 0.464669 , 0.029935 , 0.031710 , 0.138175 , -0.092722 , 0.091194 , 0.003917 , 0.997898 , -0.046208 , 0.045441 , -0.000158 , -0.834284 , 0.826713 , -0.004811 , 4908.053223 , 3985.184570 , 5123.974121 , 5308.742188
8034327,	INFO,	0.002311 , 0.003891 , 0.467502 , 0.048857 , 0.051400 , 0.142696 , -0.101420 , 0.104088 , 0.004714 , 0.997378 , -0.050498 , 0.051834 , -0.000286 , -0.218979 , 0.655567 , 0.005858 , 4847.620605 , 4325.341309 , 5137.585449 , 5051.496582
8094771,	INFO,	0.003602 , 0.005237 , 0.470411 , 0.069997 , 0.072470 , 0.146258 , -0.092544 , 0.120075 , 0.004377 , 0.997146 , -0.046042 , 0.059836 , -0.000593 , 0.609896 , 0.852007 , 0.039635 , 4890.716797 , 4871.430664 , 4889.236816 , 4718.630859
8156415,	INFO,	0.005364 , 0.006967 , 0.473380 , 0.094455 , 0.090789 , 0.149092 , -0.074533 , 0.139795 , 0.003317 , 0.996877 , -0.037052 , 0.069730 , -0.000949 , 0.908129 , 0.996920 , 0.063423 , 4933.501465 , 5135.170898 , 4652.677734 , 4597.767578
8215830,	INFO,	0.007676 , 0.008999 , 0.476393 , 0.123016 , 0.104893 , 0.151062 , -0.059201 , 0.158919 , 0.002486 , 0.996416 , -0.029404 , 0.079305 , -0.001111 , 0.673225 , 0.912913 , 0.068143 , 4917.645996 , 5099.685547 , 4570.927246 , 4697.430176
8276489,	INFO,	0.010617 , 0.011265 , 0.479429 , 0.155316 , 0.115928 , 0.151905 , -0.051643 , 0.173719 , 0.002489 , 0.995906 , -0.025614 , 0.086689 , -0.001000 , 0.287758 , 0.675240 , 0.057520 , 4865.778809 , 4934.553223 , 4619.660645 , 4839.964844
8335806,	INFO,	0.014245 , 0.013731 , 0.482464 , 0.190266 , 0.125754 , 0.151590 , -0.049759 , 0.183506 , 0.003059 , 0.995495 , -0.024633 , 0.091558 , -0.000757 , 0.059899 , 0.436737 , 0.040787 , 4824.864746 , 4807.504883 , 4697.905273 , 4896.722656
8397239,	INFO,	0.018597 , 0.016391 , 0.485477 , 0.226807 , 0.135430 , 0.150207 , -0.049150 , 0.189738 , 0.003539 , 0.995214 , -0.024295 , 0.094655 , -0.000567 , 0.039355 , 0.281201 , 0.026613 , 4814.673828 , 4780.843750 , 4736.039062 , 4861.600586
8452384,	INFO,	0.023695 , 0.019244 , 0.488448 , 0.264296 , 0.145005 , 0.147894 , -0.047321 , 0.194032 , 0.003586 , 0.995030 , -0.023374 , 0.096795 , -0.000507 , 0.106728 , 0.196780 , 0.018107 , 4823.970215 , 4813.826660 , 4728.021484 , 4794.828125
8518461,	INFO,	0.029552 , 0.022282 , 0.491360 , 0.302433 , 0.154113 , 0.144759 , -0.044491 , 0.197010 , 0.003329 , 0.994916 , -0.021973 , 0.098285 , -0.000531 , 0.140388 , 0.130636 , 0.013643 , 4832.236328 , 4843.053223 , 4702.639160 , 4751.833984
8579398,	INFO,	0.036179 , 0.025492 , 0.494199 , 0.341003 , 0.162570 , 0.140905 , -0.042076 , 0.198417 , 0.003081 , 0.994871 , -0.020781 , 0.098992 , -0.000551 , 0.104345 , 0.046547 , 0.010428 , 4828.345215 , 4841.059082 , 4686.047852 , 4747.162109
8641044,	INFO,	0.043580 , 0.028863 , 0.496951 , 0.379701 , 0.170531 , 0.136444 , -0.041040 , 0.197814 , 0.003032 , 0.994911 , -0.020269 , 0.098694 , -0.000518 , 0.032572 , -0.057125 , 0.006770 , 4814.608887 , 4817.552246 , 4685.178711 , 4762.391113
8695240,	INFO,	0.051751 , 0.032390 , 0.499606 , 0.418130 , 0.178321 , 0.131503 , -0.041367 , 0.195066 , 0.003167 , 0.995043 , -0.020430 , 0.097325 , -0.000439 , -0.029057 , -0.162820 , 0.002429 , 4799.479492 , 4793.625000 , 4692.712402 , 4774.400391
8751513,	INFO,	0.060681 , 0.036075 , 0.502158 , 0.455882 , 0.186214 , 0.126237 , -0.042490 , 0.190383 , 0.003364 , 0.995257 , -0.020988 , 0.094991 , -0.000345 , -0.061321 , -0.255481 , -0.002065 , 4789.652832 , 4781.352051 , 4700.092285 , 4774.306641
8812273,	INFO,	0.070351 , 0.039921 , 0.504601 , 0.492615 , 0.194345 , 0.120777 , -0.043906 , 0.184094 , 0.003525 , 0.995536 , -0.021697 , 0.091856 , -0.000263 , -0.072576 , -0.332077 , -0.006191 , 4785.447266 , 4778.675781 , 4703.762695 , 4765.994629
8873163,	INFO,	0.080736 , 0.043933 , 0.506934 , 0.528046 , 0.202752 , 0.115269 , -0.045452 , 0.176446 , 0.003627 , 0.995863 , -0.022476 , 0.088045 , -0.000196 , -0.079554 , -0.398014 , -0.009743 , 4784.099609 , 4778.386230 , 4705.627441 , 4757.968262
8932703,	INFO,	0.091808 , 0.048119 , 0.509158 , 0.561949 , 0.211455 , 0.109822 , -0.047203 , 0.167558 , 0.003690 , 0.996224 , -0.023363 , 0.083614 , -0.000137 , -0.091482 , -0.459124 , -0.012748 , 4782.701660 , 4775.766113 , 4708.479004 , 4755.039551
8998538,	INFO,	0.103531 , 0.052483 , 0.511274 , 0.594099 , 0.220503 , 0.104523 , -0.049258 , 0.157488 , 0.003734 , 0.996608 , -0.024403 , 0.078593 , -0.000077 , -0.107210 , -0.517365 , -0.015301 , 4780.235840 , 4770.932129 , 4713.471191 , 4756.823730
9054817,	INFO,	0.115869 , 0.057034 , 0.513289 , 0.624283 , 0.229966 , 0.099468 , -0.051605 , 0.146311 , 0.003756 , 0.997002 , -0.025594 , 0.073017 , -0.000013 , -0.121149 , -0.571317 , -0.017490 , 4777.380371 , 4766.376953 , 4720.021484 , 4760.458496
9125061,	INFO,	0.128777 , 0.061782 , 0.515207 , 0.652296 , 0.239907 , 0.094736 , -0.054143 , 0.134147 , 0.003740 , 0.997394 , -0.026882 , 0.066948 , 0.000051 , -0.129512 , -0.618911 , -0.019373 , 4775.231934 , 4763.837402 , 4727.096191 , 4763.837402
9184042,	INFO,	0.142211 , 0.066736 , 0.517036 , 0.677955 , 0.250364 , 0.090384 , -0.056754 , 0.121140 , 0.003669 , 0.997772 , -0.028211 , 0.060457 , 0.000113 , -0.132205 , -0.659258 , -0.020992 , 4774.361816 , 4763.739746 , 4734.132324 , 4766.204102
9244677,	INFO,	0.156121 , 0.071908 , 0.518784 , 0.701106 , 0.261351 , 0.086462 , -0.059355 , 0.107430 , 0.003534 , 0.998125 , -0.029536 , 0.053613 , 0.000170 , -0.131338 , -0.692836 , -0.022372 , 4774.621094 , 4764.786133 , 4741.167480 , 4768.625488
9301050,	INFO,	0.170454 , 0.077307 , 0.520460 , 0.721616 , 0.272870 , 0.082999 , -0.061909 , 0.093137 , 0.003334 , 0.998443 , -0.030839 , 0.046478 , 0.000223 , -0.128887 , -0.720631 , -0.023524 , 4775.516602 , 4766.124512 , 4748.447266 , 4771.842285
9358362,	INFO,	0.185156 , 0.082944 , 0.522075 , 0.739363 , 0.284912 , 0.080013 , -0.064395 , 0.078367 , 0.003071 , 0.998719 , -0.032107 , 0.039104 , 0.000272 , -0.125243 , -0.743285 , -0.024457 , 4776.668945 , 4767.571289 , 4756.047363 , 4775.970215
9414693,	INFO,	0.200170 , 0.088830 , 0.523637 , 0.754255 , 0.297467 , 0.077510 , -0.066784 , 0.063218 , 0.002749 , 0.998947 , -0.033326 , 0.031540 , 0.000318 , -0.119919 , -0.760984 , -0.025185 , 4777.956055 , 4769.369629 , 4763.826172 , 4780.649902
9466724,	INFO,	0.215438 , 0.094975 , 0.525156 , 0.766212 , 0.310518 , 0.075483 , -0.069037 , 0.047793 , 0.002371 , 0.999121 , -0.034474 , 0.023839 , 0.000360 , -0.112476 , -0.773674 , -0.025734 , 4780.987793 , 4770.174805 , 4773.113281 , 4783.919922
9520967,	INFO,	0.230901 , 0.101387 , 0.526641 , 0.775170 , 0.324038 , 0.073910 , -0.071113 , 0.032189 , 0.001942 , 0.999240 , -0.035529 , 0.016049 , 0.000398 , -0.102932 , -0.781410 , -0.026006 , 4782.307617 , 4773.476074 , 4780.244629 , 4789.063965
9579436,	INFO,	0.246497 , 0.108077 , 0.528101 , 0.781083 , 0.337991 , 0.072765 , -0.072977 , 0.016503 , 0.001476 , 0.999301 , -0.036473 , 0.008219 , 0.000436 , -0.091675 , -0.784437 , -0.025974 , 4781.799316 , 4779.141602 , 4785.084473 , 4796.123535
9634460,	INFO,	0.262165 , 0.115051 , 0.529544 , 0.783932 , 0.352334 , 0.072002 , -0.074603 , 0.000824 , 0.000976 , 0.999304 , -0.037293 , 0.000393 , 0.000472 , -0.079121 , -0.783096 , -0.026118 , 4783.578613 , 4782.758301 , 4791.803223 , 4800.940918
9701396,	INFO,	0.277844 , 0.122318 , 0.530978 , 0.783703 , 0.367017 , 0.071585 , -0.075971 , -0.014766 , 0.000443 , 0.999251 , -0.037977 , -0.007386 , 0.000502 , -0.065561 , -0.777733 , -0.026556 , 4787.486328 , 4784.232910 , 4800.314941 , 4803.557617
9761486,	INFO,	0.293473 , 0.129882 , 0.532407 , 0.780410 , 0.381985 , 0.071466 , -0.077062 , -0.030192 , -0.000113 , 0.999144 , -0.038516 , -0.015082 , 0.000525 , -0.051095 , -0.768643 , -0.026809 , 4789.294434 , 4787.682129 , 4806.421875 , 4808.027832
9832703,	INFO,	0.308989 , 0.137750 , 0.533838 , 0.774071 , 0.397184 , 0.071597 , -0.077861 , -0.045383 , -0.000675 , 0.998986 , -0.038903 , -0.022659 , 0.000546 , -0.035793 , -0.756074 , -0.026763 , 4791.031250 , 4790.997559 , 4812.144531 , 4812.177734
9887040,	INFO,	0.324334 , 0.145924 , 0.535274 , 0.764734 , 0.412545 , 0.071907 , -0.078350 , -0.060273 , -0.001234 , 0.998781 , -0.039129 , -0.030085 , 0.000564 , -0.019764 , -0.740269 , -0.026715 , 4792.675781 , 4794.166992 , 4817.429688 , 4815.945312
9942464,	INFO,	0.339448 , 0.154406 , 0.536719 , 0.752446 , 0.428008 , 0.072348 , -0.078518 , -0.074802 , -0.001778 , 0.998534 , -0.039188 , -0.037329 , 0.000580 , -0.003167 , -0.721485 , -0.026669 , 4794.180664 , 4797.130859 , 4822.235840 , 4819.301270
10028383,	INFO,	0.354273 , 0.163199 , 0.538173 , 0.737280 , 0.443500 , 0.072861 , -0.078353 , -0.088915 , -0.002297 , 0.998251 , -0.039077 , -0.044364 , 0.000594 , 0.013816 , -0.699984 , -0.026625 , 4795.517578 , 4799.838379 , 4826.537598 , 4822.240234
10110365,	INFO,	0.368753 , 0.172301 , 0.539638 , 0.719318 , 0.458956 , 0.073391 , -0.077849 , -0.102561 , -0.002783 , 0.997936 , -0.038793 , -0.051165 , 0.000606 , 0.031042 , -0.676046 , -0.026585 , 4796.650391 , 4802.251953 , 4830.323242 , 4824.754395
10190609,	INFO,	0.382833 , 0.181710 , 0.541113 , 0.698653 , 0.474299 , 0.073886 , -0.077001 , -0.115697 , -0.003224 , 0.997597 , -0.038334 , -0.057711 , 0.000617 , 0.048394 , -0.649911 , -0.026548 , 4797.687500 , 4804.379395 , 4833.506348 , 4826.854980
10250963,	INFO,	0.396460 , 0.191424 , 0.542598 , 0.675386 , 0.489461 , 0.074309 , -0.075805 , -0.128282 , -0.003612 , 0.997238 , -0.037700 , -0.063983 , 0.000628 , 0.065769 , -0.621895 , -0.026517 , 4797.392578 , 4808.280762 , 4833.750488 , 4830.600586
10311379,	INFO,	0.409584 , 0.201437 , 0.544088 , 0.649628 , 0.504367 , 0.074601 , -0.074259 , -0.140289 , -0.003942 , 0.996867 , -0.036892 , -0.069966 , 0.000637 , 0.083068 , -0.592722 , -0.026659 , 4799.110840 , 4810.381836 , 4834.913086 , 4832.432129
10367661,	INFO,	0.422158 , 0.211744 , 0.545583 , 0.621507 , 0.518946 , 0.074744 , -0.072366 , -0.151712 , -0.004211 , 0.996487 , -0.035912 , -0.075658 , 0.000643 , 0.100187 , -0.563506 , -0.027105 , 4801.327148 , 4811.699707 , 4836.473633 , 4833.375977
10423018,	INFO,	0.434135 , 0.222336 , 0.547077 , 0.591126 , 0.533132 , 0.074720 , -0.070126 , -0.162560 , -0.004415 , 0.996102 , -0.034762 , -0.081063 , 0.000647 , 0.117052 , -0.534784 , -0.027563 , 4804.566895 , 4811.450195 , 4839.486816 , 4832.643555
10480318,	INFO,	0.445473 , 0.233205 , 0.548569 , 0.558609 , 0.546855 , 0.074506 , -0.067545 , -0.172842 , -0.004547 , 0.995717 , -0.033445 , -0.086188 , 0.000651 , 0.133564 , -0.506496 , -0.027815 , 4803.628418 , 4814.868652 , 4838.725098 , 4835.468262
10545978,	INFO,	0.456129 , 0.244341 , 0.550053 , 0.524071 , 0.560047 , 0.074089 , -0.064628 , -0.182563 , -0.004596 , 0.995335 , -0.031966 , -0.091033 , 0.000658 , 0.149645 , -0.478314 , -0.027983 , 4803.612793 , 4817.050293 , 4838.903320 , 4836.968262
10605386,	INFO,	0.466066 , 0.255731 , 0.551525 , 0.487629 , 0.572643 , 0.073445 , -0.061385 , -0.191719 , -0.004567 , 0.994958 , -0.030329 , -0.095598 , 0.000665 , 0.165217 , -0.450032 , -0.028519 , 4804.362305 , 4818.298340 , 4839.610840 , 4837.463379
10662083,	INFO,	0.475248 , 0.267364 , 0.552981 , 0.449392 , 0.584579 , 0.072581 , -0.057824 , -0.200311 , -0.004461 , 0.994590 , -0.028541 , -0.099882 , 0.000672 , 0.180212 , -0.421720 , -0.029194 , 4805.325195 , 4819.155273 , 4840.313965 , 4837.500488
10710948,	INFO,	0.483639 , 0.279225 , 0.554417 , 0.409469 , 0.595796 , 0.071484 , -0.053956 , -0.208338 , -0.004278 , 0.994233 , -0.026607 , -0.103885 , 0.000678 , 0.194580 , -0.393560 , -0.029867 , 4804.505859 , 4819.445312 , 4841.843750 , 4836.915039
10767204,	INFO,	0.491208 , 0.291298 , 0.555827 , 0.367993 , 0.606233 , 0.070149 , -0.049794 , -0.215799 , -0.004016 , 0.993891 , -0.024534 , -0.107607 , 0.000685 , 0.208269 , -0.364886 , -0.030494 , 4797.335938 , 4817.724609 , 4846.988770 , 4834.301270
10834439,	INFO,	0.497925 , 0.303568 , 0.557205 , 0.325081 , 0.615838 , 0.068492 , -0.045351 , -0.222630 , -0.003675 , 0.993568 , -0.022330 , -0.111015 , 0.000693 , 0.221245 , -0.331505 , -0.031046 , 4793.207031 , 4814.443848 , 4851.179199 , 4830.104004
10905722,	INFO,	0.503765 , 0.316017 , 0.558545 , 0.280869 , 0.624549 , 0.066447 , -0.040642 , -0.228661 , -0.003255 , 0.993276 , -0.020002 , -0.114025 , 0.000702 , 0.233497 , -0.289750 , -0.031366 , 4789.238770 , 4815.246094 , 4847.252441 , 4829.905762
10971572,	INFO,	0.508704 , 0.328626 , 0.559839 , 0.235546 , 0.632325 , 0.064027 , -0.035680 , -0.233784 , -0.002754 , 0.993025 , -0.017557 , -0.116583 , 0.000713 , 0.244985 , -0.244016 , -0.031607 , 4789.529297 , 4815.479980 , 4843.129395 , 4829.061523
11028027,	INFO,	0.512722 , 0.341375 , 0.561079 , 0.189292 , 0.639117 , 0.061297 , -0.030485 , -0.238005 , -0.002186 , 0.992818 , -0.015004 , -0.118691 , 0.000725 , 0.255656 , -0.199670 , -0.032228 , 4790.573242 , 4814.690918 , 4839.864258 , 4827.141113
11084138,	INFO,	0.515804 , 0.354246 , 0.562260 , 0.142252 , 0.644889 , 0.058311 , -0.025074 , -0.241388 , -0.001561 , 0.992651 , -0.012352 , -0.120382 , 0.000735 , 0.265455 , -0.158829 , -0.032957 , 4790.587402 , 4813.546875 , 4837.906738 , 4824.857422
11139268,	INFO,	0.517935 , 0.367215 , 0.563378 , 0.094622 , 0.649604 , 0.055087 , -0.019468 , -0.243996 , -0.000886 , 0.992522 , -0.009608 , -0.121686 , 0.000745 , 0.274352 , -0.120746 , -0.033636 , 4789.535156 , 4812.494629 , 4836.565430 , 4822.666992
11209192,	INFO,	0.519106 , 0.380263 , 0.564429 , 0.046515 , 0.653231 , 0.051671 , -0.013687 , -0.245858 , -0.000169 , 0.992431 , -0.006782 , -0.122616 , 0.000755 , 0.282348 , -0.083784 , -0.034245 , 4788.152344 , 4811.608398 , 4835.014160 , 4820.643555
11265309,	INFO,	0.519311 , 0.393367 , 0.565409 , -0.001884 , 0.655729 , 0.048065 , -0.007752 , -0.246981 , 0.000584 , 0.992377 , -0.003883 , -0.123177 , 0.000767 , 0.289445 , -0.047093 , -0.034825 , 4788.910645 , 4811.220215 , 4831.823242 , 4819.056641
11320968,	INFO,	0.518545 , 0.406503 , 0.566314 , -0.050455 , 0.657085 , 0.044316 , -0.001684 , -0.247379 , 0.001363 , 0.992359 , -0.000920 , -0.123375 , 0.000780 , 0.295633 , -0.011711 , -0.035416 , 4786.088867 , 4810.037109 , 4830.866211 , 4816.742676
11391252,	INFO,	0.516806 , 0.419649 , 0.567143 , -0.099075 , 0.657269 , 0.040448 , 0.004497 , -0.247096 , 0.002159 , 0.992375 , 0.002098 , -0.123231 , 0.000794 , 0.300895 , 0.022228 , -0.036031 , 4785.043457 , 4809.203613 , 4829.037109 , 4814.753906
11451826,	INFO,	0.514097 , 0.432781 , 0.567892 , -0.147575 , 0.656253 , 0.036460 , 0.010769 , -0.246115 , 0.002962 , 0.992425 , 0.005162 , -0.122737 , 0.000809 , 0.305265 , 0.056757 , -0.036660 , 4785.171387 , 4808.380859 , 4826.352539 , 4812.733398
11507156,	INFO,	0.510421 , 0.445874 , 0.568560 , -0.195849 , 0.654039 , 0.032407 , 0.017113 , -0.244455 , 0.003762 , 0.992507 , 0.008263 , -0.121903 , 0.000824 , 0.308723 , 0.090013 , -0.037281 , 4785.554199 , 4807.584961 , 4823.655273 , 4810.754883
11563805,	INFO,	0.505785 , 0.458905 , 0.569147 , -0.243747 , 0.650597 , 0.028306 , 0.023505 , -0.242159 , 0.004551 , 0.992617 , 0.011392 , -0.120749 , 0.000839 , 0.311248 , 0.120941 , -0.037881 , 4785.676758 , 4806.857910 , 4821.467773 , 4808.859863
11613689,	INFO,	0.500198 , 0.471848 , 0.569652 , -0.291175 , 0.645930 , 0.024199 , 0.029927 , -0.239275 , 0.005321 , 0.992752 , 0.014539 , -0.119299 , 0.000855 , 0.312857 , 0.149631 , -0.038448 , 4785.504395 , 4806.661621 , 4819.770996 , 4806.661621
11673368,	INFO,	0.493671 , 0.484680 , 0.570074 , -0.338006 , 0.640026 , 0.020111 , 0.036354 , -0.235837 , 0.006062 , 0.992907 , 0.017694 , -0.117571 , 0.000871 , 0.313315 , 0.176701 , -0.038978 , 4785.359863 , 4805.583984 , 4818.285645 , 4805.583984
11730138,	INFO,	0.486218 , 0.497375 , 0.570416 , -0.384149 , 0.632882 , 0.016052 , 0.042761 , -0.231871 , 0.006766 , 0.993079 , 0.020845 , -0.115577 , 0.000886 , 0.312808 , 0.202581 , -0.039477 , 4787.210449 , 4802.903809 , 4818.545898 , 4802.903809
11790796,	INFO,	0.477854 , 0.509908 , 0.570677 , -0.429487 , 0.624502 , 0.012064 , 0.049145 , -0.227401 , 0.007431 , 0.993267 , 0.023991 , -0.113330 , 0.000903 , 0.312303 , 0.227291 , -0.039794 , 4785.541016 , 4805.280273 , 4814.991699 , 4803.027832
11845029,	INFO,	0.468596 , 0.522256 , 0.570860 , -0.473946 , 0.614887 , 0.008160 , 0.055498 , -0.222452 , 0.008057 , 0.993467 , 0.027128 , -0.110842 , 0.000923 , 0.311147 , 0.250659 , -0.040007 , 4785.585449 , 4806.064453 , 4813.006836 , 4802.017090
11914007,	INFO,	0.458463 , 0.534392 , 0.570966 , -0.517428 , 0.604045 , 0.004363 , 0.061788 , -0.217056 , 0.008629 , 0.993676 , 0.030242 , -0.108130 , 0.000941 , 0.308380 , 0.272457 , -0.040527 , 4786.673340 , 4805.649414 , 4812.150879 , 4800.592285
11975469,	INFO,	0.447477 , 0.546294 , 0.570998 , -0.559840 , 0.591987 , 0.000685 , 0.067987 , -0.211245 , 0.009137 , 0.993891 , 0.033318 , -0.105210 , 0.000957 , 0.304455 , 0.292663 , -0.041061 , 4789.429688 , 4804.180176 , 4813.180176 , 4798.457520
12030696,	INFO,	0.435660 , 0.557936 , 0.570958 , -0.601125 , 0.578707 , -0.002843 , 0.074081 , -0.205051 , 0.009579 , 0.994110 , 0.036350 , -0.102098 , 0.000971 , 0.299856 , 0.311387 , -0.041357 , 4789.906250 , 4804.024902 , 4811.838867 , 4797.743652
12091319,	INFO,	0.423035 , 0.569295 , 0.570851 , -0.641194 , 0.564241 , -0.006211 , 0.080059 , -0.198501 , 0.009959 , 0.994328 , 0.039331 , -0.098809 , 0.000986 , 0.294783 , 0.328726 , -0.041383 , 4790.785156 , 4804.447266 , 4810.965820 , 4797.322266
12153982,	INFO,	0.409627 , 0.580347 , 0.570678 , -0.679988 , 0.548613 , -0.009435 , 0.085913 , -0.191626 , 0.010276 , 0.994545 , 0.042258 , -0.095357 , 0.001002 , 0.289202 , 0.344642 , -0.041406 , 4791.775879 , 4805.090820 , 4810.259277 , 4796.958984
12208174,	INFO,	0.395464 , 0.591069 , 0.570443 , -0.717440 , 0.531828 , -0.012481 , 0.091629 , -0.184452 , 0.010526 , 0.994758 , 0.045123 , -0.091758 , 0.001018 , 0.282934 , 0.359170 , -0.041424 , 4792.865723 , 4805.843262 , 4809.691406 , 4796.724121
12266335,	INFO,	0.380573 , 0.601438 , 0.570150 , -0.753495 , 0.513929 , -0.015354 , 0.097194 , -0.177009 , 0.010708 , 0.994965 , 0.047919 , -0.088024 , 0.001033 , 0.275903 , 0.372372 , -0.041438 , 4794.069336 , 4806.634766 , 4809.249023 , 4796.690430
12321523,	INFO,	0.364982 , 0.611433 , 0.569803 , -0.788096 , 0.494915 , -0.018036 , 0.102594 , -0.169321 , 0.010820 , 0.995163 , 0.050638 , -0.084171 , 0.001048 , 0.268166 , 0.384274 , -0.041448 , 4795.371094 , 4807.473633 , 4808.914551 , 4796.815430
12387915,	INFO,	0.348721 , 0.621031 , 0.569404 , -0.821206 , 0.474834 , -0.020534 , 0.107818 , -0.161416 , 0.010862 , 0.995353 , 0.053275 , -0.080211 , 0.001061 , 0.259830 , 0.394883 , -0.041453 , 4796.744629 , 4808.375977 , 4808.707031 , 4797.076172
12458005,	INFO,	0.331822 , 0.630212 , 0.568959 , -0.852770 , 0.453711 , -0.022840 , 0.112856 , -0.153321 , 0.010832 , 0.995531 , 0.055823 , -0.076158 , 0.001072 , 0.250985 , 0.404204 , -0.041455 , 4798.233398 , 4809.028320 , 4808.685059 , 4797.889648
12528041,	INFO,	0.314315 , 0.638956 , 0.568470 , -0.882763 , 0.431585 , -0.024951 , 0.117702 , -0.145059 , 0.010734 , 0.995698 , 0.058279 , -0.072025 , 0.001081 , 0.241881 , 0.412320 , -0.041455 , 4799.860840 , 4809.434570 , 4808.846680 , 4799.270996
12588573,	INFO,	0.296232 , 0.647242 , 0.567942 , -0.911140 , 0.408489 , -0.026876 , 0.122363 , -0.136656 , 0.010569 , 0.995852 , 0.060645 , -0.067824 , 0.001088 , 0.233160 , 0.419258 , -0.041451 , 4801.628906 , 4809.924805 , 4809.185059 , 4800.887695
12659725,	INFO,	0.277606 , 0.655053 , 0.567378 , -0.937882 , 0.384450 , -0.028592 , 0.126855 , -0.128133 , 0.010343 , 0.995991 , 0.062929 , -0.063566 , 0.001092 , 0.225257 , 0.425056 , -0.041449 , 4803.513672 , 4810.734863 , 4809.685547 , 4802.462402
12715050,	INFO,	0.258470 , 0.662369 , 0.566783 , -0.962958 , 0.359505 , -0.030112 , 0.131196 , -0.119514 , 0.010059 , 0.996114 , 0.065138 , -0.059263 , 0.001095 , 0.218138 , 0.429742 , -0.041444 , 4805.511230 , 4811.888672 , 4810.342773 , 4803.963379
12775717,	INFO,	0.238858 , 0.669172 , 0.566161 , -0.986356 , 0.333679 , -0.031435 , 0.135399 , -0.110820 , 0.009723 , 0.996221 , 0.067279 , -0.054926 , 0.001096 , 0.211503 , 0.433363 , -0.041438 , 4807.606934 , 4813.268555 , 4811.145996 , 4805.482422
12835004,	INFO,	0.218803 , 0.675447 , 0.565515 , -1.008049 , 0.307000 , -0.032550 , 0.139470 , -0.102072 , 0.009336 , 0.996309 , 0.069354 , -0.050565 , 0.001096 , 0.205085 , 0.435952 , -0.041432 , 4809.786133 , 4814.748535 , 4812.074219 , 4807.108887
12894758,	INFO,	0.198340 , 0.681175 , 0.564850 , -1.028028 , 0.279474 , -0.033492 , 0.143415 , -0.093290 , 0.008901 , 0.996380 , 0.071365 , -0.046190 , 0.001093 , 0.198785 , 0.437542 , -0.041423 , 4812.039551 , 4816.317871 , 4813.131836 , 4808.851074
12950072,	INFO,	0.177504 , 0.686341 , 0.564168 , -1.046289 , 0.251150 , -0.034243 , 0.147235 , -0.084494 , 0.008420 , 0.996432 , 0.073311 , -0.041810 , 0.001089 , 0.192617 , 0.438171 , -0.041414 , 4816.093750 , 4816.192383 , 4816.093750 , 4808.906250
13006270,	INFO,	0.156328 , 0.690928 , 0.563475 , -1.062819 , 0.222039 , -0.034809 , 0.150935 , -0.075702 , 0.007898 , 0.996465 , 0.075196 , -0.037436 , 0.001082 , 0.186602 , 0.437900 , -0.041253 , 4818.830566 , 4817.569824 , 4817.702148 , 4810.392578
13081691,	INFO,	0.134847 , 0.694921 , 0.562772 , -1.077622 , 0.192159 , -0.035208 , 0.154519 , -0.066931 , 0.007343 , 0.996480 , 0.077020 , -0.033076 , 0.001076 , 0.180706 , 0.436770 , -0.040801 , 4820.815430 , 4820.620117 , 4818.656738 , 4810.837402
13146072,	INFO,	0.113096 , 0.698306 , 0.562064 , -1.090697 , 0.161546 , -0.035447 , 0.157982 , -0.058198 , 0.006759 , 0.996477 , 0.078779 , -0.028737 , 0.001071 , 0.174110 , 0.434790 , -0.040306 , 4822.330078 , 4826.646484 , 4819.294434 , 4805.690430
13207625,	INFO,	0.091110 , 0.701068 , 0.561353 , -1.102044 , 0.130212 , -0.035590 , 0.161261 , -0.049520 , 0.006144 , 0.996459 , 0.080444 , -0.024429 , 0.001067 , 0.162978 , 0.432060 , -0.039794 , 4823.652344 , 4830.884766 , 4819.780273 , 4802.461914
13263952,	INFO,	0.068923 , 0.703193 , 0.560640 , -1.111674 , 0.098217 , -0.035685 , 0.164201 , -0.040910 , 0.005496 , 0.996433 , 0.081937 , -0.020159 , 0.001061 , 0.144244 , 0.428663 , -0.039208 , 4824.707520 , 4831.585938 , 4820.009277 , 4803.146973
13323315,	INFO,	0.046568 , 0.704669 , 0.559925 , -1.119595 , 0.065625 , -0.035745 , 0.166707 , -0.032383 , 0.004819 , 0.996404 , 0.083208 , -0.015934 , 0.001053 , 0.121891 , 0.424626 , -0.038594 , 4825.643555 , 4830.269043 , 4820.138184 , 4805.910645
13383869,	INFO,	0.024081 , 0.705486 , 0.559210 , -1.125823 , 0.032538 , -0.035775 , 0.168784 , -0.023949 , 0.004119 , 0.996374 , 0.084262 , -0.011758 , 0.001043 , 0.100771 , 0.419958 , -0.037991 , 4826.556152 , 4829.141113 , 4820.288086 , 4808.319336
13455117,	INFO,	0.001494 , 0.705635 , 0.558494 , -1.130377 , -0.000966 , -0.035775 , 0.170491 , -0.015621 , 0.003405 , 0.996340 , 0.085126 , -0.007637 , 0.001031 , 0.082705 , 0.414685 , -0.037413 , 4827.580078 , 4828.590820 , 4820.580078 , 4810.263672
13525388,	INFO,	-0.021159 , 0.705108 , 0.557779 , -1.133276 , -0.034803 , -0.035745 , 0.171881 , -0.007409 , 0.002685 , 0.996303 , 0.085829 , -0.003576 , 0.001019 , 0.067118 , 0.408839 , -0.036849 , 4828.289551 , 4830.236816 , 4820.640137 , 4809.268066
13581665,	INFO,	-0.043846 , 0.703901 , 0.557065 , -1.134542 , -0.068909 , -0.035697 , 0.172980 , 0.000676 , 0.001962 , 0.996261 , 0.086382 , 0.000422 , 0.001007 , 0.051992 , 0.402456 , -0.036285 , 4829.011230 , 4831.433594 , 4820.743164 , 4809.040527
13641241,	INFO,	-0.066533 , 0.702008 , 0.556351 , -1.134202 , -0.103235 , -0.035667 , 0.173755 , 0.008625 , 0.001243 , 0.996218 , 0.086770 , 0.004350 , 0.000993 , 0.035180 , 0.395589 , -0.035718 , 4829.644043 , 4831.646484 , 4820.788086 , 4809.812988
13697895,	INFO,	-0.089191 , 0.699426 , 0.555638 , -1.132280 , -0.137717 , -0.035620 , 0.174190 , 0.016428 , 0.000533 , 0.996175 , 0.086984 , 0.008206 , 0.000980 , 0.017869 , 0.388262 , -0.035165 , 4830.215820 , 4831.315918 , 4820.811035 , 4811.012207
13754190,	INFO,	-0.111786 , 0.696154 , 0.554927 , -1.128806 , -0.172275 , -0.035584 , 0.174294 , 0.024078 , -0.000164 , 0.996133 , 0.087030 , 0.011986 , 0.000966 , 0.001307 , 0.380502 , -0.034630 , 4830.751465 , 4831.033203 , 4820.845703 , 4812.039551
13850809,	INFO,	-0.134289 , 0.692190 , 0.554215 , -1.123811 , -0.206840 , -0.035548 , 0.174090 , 0.031567 , -0.000844 , 0.996092 , 0.086918 , 0.015686 , 0.000952 , -0.014089 , 0.372343 , -0.034111 , 4831.235352 , 4831.029785 , 4820.875000 , 4812.677734
13927479,	INFO,	-0.156670 , 0.687535 , 0.553505 , -1.117326 , -0.241357 , -0.035524 , 0.173596 , 0.038887 , -0.001502 , 0.996051 , 0.086658 , 0.019304 , 0.000938 , -0.028650 , 0.363820 , -0.033604 , 4831.656250 , 4831.194824 , 4820.883301 , 4813.083008
13993682,	INFO,	-0.178899 , 0.682192 , 0.552795 , -1.109387 , -0.275761 , -0.035506 , 0.172821 , 0.046033 , -0.002135 , 0.996011 , 0.086256 , 0.022836 , 0.000923 , -0.042797 , 0.354973 , -0.033106 , 4832.005371 , 4831.325684 , 4820.857910 , 4813.474121
14049560,	INFO,	-0.200948 , 0.676163 , 0.552085 , -1.100028 , -0.309998 , -0.035501 , 0.171771 , 0.052998 , -0.002739 , 0.995973 , 0.085714 , 0.026281 , 0.000909 , -0.056725 , 0.345832 , -0.032618 , 4832.290039 , 4831.317383 , 4820.805176 , 4813.954590
14115946,	INFO,	-0.222789 , 0.669452 , 0.551374 , -1.089281 , -0.344014 , -0.035518 , 0.170448 , 0.059778 , -0.003312 , 0.995937 , 0.085035 , 0.029635 , 0.000895 , -0.070364 , 0.336427 , -0.032146 , 4832.528809 , 4831.189941 , 4820.738281 , 4814.495605
14186864,	INFO,	-0.244395 , 0.662065 , 0.550663 , -1.077194 , -0.377756 , -0.035548 , 0.168861 , 0.066368 , -0.003851 , 0.995903 , 0.084222 , 0.032897 , 0.000881 , -0.083543 , 0.326787 , -0.031688 , 4832.709961 , 4831.019531 , 4820.663574 , 4815.017578
14260990,	INFO,	-0.265740 , 0.654009 , 0.549952 , -1.063800 , -0.411171 , -0.035596 , 0.167021 , 0.072764 , -0.004353 , 0.995873 , 0.083281 , 0.036066 , 0.000867 , -0.096184 , 0.316940 , -0.031246 , 4832.844238 , 4830.849121 , 4820.582031 , 4815.481445
14317159,	INFO,	-0.286797 , 0.645289 , 0.549239 , -1.049134 , -0.444192 , -0.035667 , 0.164936 , 0.078962 , -0.004816 , 0.995845 , 0.082218 , 0.039138 , 0.000853 , -0.108274 , 0.306920 , -0.030821 , 4831.231445 , 4832.393555 , 4818.778809 , 4817.613281
14377616,	INFO,	-0.307543 , 0.635916 , 0.548524 , -1.033244 , -0.476789 , -0.035751 , 0.162617 , 0.084960 , -0.005242 , 0.995821 , 0.081038 , 0.042114 , 0.000839 , -0.119864 , 0.296766 , -0.030559 , 4833.399902 , 4830.106445 , 4820.797363 , 4815.865234
14443362,	INFO,	-0.327953 , 0.625898 , 0.547808 , -1.016161 , -0.508910 , -0.035852 , 0.160073 , 0.090755 , -0.005631 , 0.995799 , 0.079744 , 0.044992 , 0.000823 , -0.130994 , 0.286492 , -0.030377 , 4834.041992 , 4829.283691 , 4821.315918 , 4815.596680
14500721,	INFO,	-0.348004 , 0.615245 , 0.547089 , -0.997931 , -0.540519 , -0.035965 , 0.157311 , 0.096345 , -0.005977 , 0.995781 , 0.078343 , 0.047770 , 0.000808 , -0.141684 , 0.276122 , -0.029850 , 4833.692383 , 4829.384277 , 4820.875000 , 4816.272461
14557163,	INFO,	-0.367675 , 0.603968 , 0.546368 , -0.978601 , -0.571555 , -0.036097 , 0.154341 , 0.101729 , -0.006275 , 0.995766 , 0.076839 , 0.050449 , 0.000795 , -0.151910 , 0.265683 , -0.029278 , 4831.477539 , 4831.296387 , 4818.601074 , 4818.782715
14612401,	INFO,	-0.386942 , 0.592080 , 0.545644 , -0.958204 , -0.601989 , -0.036240 , 0.151171 , 0.106906 , -0.006529 , 0.995755 , 0.075235 , 0.053028 , 0.000784 , -0.161663 , 0.255210 , -0.028958 , 4831.464355 , 4830.974609 , 4818.548340 , 4819.039551
14666529,	INFO,	-0.405786 , 0.579592 , 0.544916 , -0.936788 , -0.631779 , -0.036401 , 0.147809 , 0.111874 , -0.006745 , 0.995746 , 0.073537 , 0.055506 , 0.000770 , -0.170943 , 0.244721 , -0.028961 , 4833.916504 , 4828.161133 , 4820.996582 , 4816.783203
14722760,	INFO,	-0.424187 , 0.566519 , 0.544186 , -0.914392 , -0.660896 , -0.036567 , 0.144266 , 0.116635 , -0.006923 , 0.995741 , 0.071750 , 0.057884 , 0.000754 , -0.179764 , 0.234223 , -0.028749 , 4834.150879 , 4827.533691 , 4821.257324 , 4816.698730
14783454,	INFO,	-0.442126 , 0.552874 , 0.543452 , -0.891057 , -0.689280 , -0.036740 , 0.140549 , 0.121188 , -0.007052 , 0.995740 , 0.069878 , 0.060160 , 0.000741 , -0.188134 , 0.223752 , -0.028151 , 4833.288574 , 4827.973633 , 4820.431152 , 4817.703613
14853879,	INFO,	-0.459585 , 0.538673 , 0.542714 , -0.866827 , -0.716931 , -0.036931 , 0.136667 , 0.125533 , -0.007133 , 0.995741 , 0.067926 , 0.062336 , 0.000732 , -0.196066 , 0.213316 , -0.027580 , 4831.186035 , 4829.651855 , 4818.384766 , 4819.922363
14920554,	INFO,	-0.476546 , 0.523931 , 0.541973 , -0.841740 , -0.743794 , -0.037110 , 0.132628 , 0.129672 , -0.007169 , 0.995745 , 0.065898 , 0.064411 , 0.000724 , -0.203552 , 0.202940 , -0.027297 , 4831.075195 , 4829.312500 , 4818.346680 , 4820.113281
14976858,	INFO,	-0.492993 , 0.508663 , 0.541228 , -0.815845 , -0.769848 , -0.037301 , 0.128442 , 0.133606 , -0.007170 , 0.995752 , 0.063798 , 0.066386 , 0.000714 , -0.210609 , 0.192644 , -0.027307 , 4830.958008 , 4828.980469 , 4818.319824 , 4820.301758
15033138,	INFO,	-0.508911 , 0.492887 , 0.540479 , -0.789183 , -0.795057 , -0.037491 , 0.124116 , 0.137335 , -0.007136 , 0.995762 , 0.061631 , 0.068260 , 0.000703 , -0.217246 , 0.182411 , -0.027315 , 4833.151367 , 4826.313477 , 4820.659668 , 4818.148438
15085358,	INFO,	-0.524285 , 0.476619 , 0.539726 , -0.761783 , -0.819415 , -0.037676 , 0.119658 , 0.140862 , -0.007066 , 0.995774 , 0.059400 , 0.070036 , 0.000690 , -0.223456 , 0.172295 , -0.027123 , 4833.135742 , 4825.879395 , 4820.770020 , 4818.189453
15150138,	INFO,	-0.539100 , 0.459877 , 0.538970 , -0.733685 , -0.842875 , -0.037861 , 0.115077 , 0.144189 , -0.006953 , 0.995789 , 0.057110 , 0.071713 , 0.000680 , -0.229275 , 0.162292 , -0.026583 , 4830.548828 , 4828.023926 , 4818.295410 , 4820.825684
15213943,	INFO,	-0.553343 , 0.442680 , 0.538210 , -0.704950 , -0.865433 , -0.038034 , 0.110381 , 0.147318 , -0.006800 , 0.995805 , 0.054766 , 0.073293 , 0.000674 , -0.234706 , 0.152418 , -0.026239 , 4830.411133 , 4827.719727 , 4818.295410 , 4820.992188
15274318,	INFO,	-0.567003 , 0.425047 , 0.537447 , -0.675595 , -0.887042 , -0.038195 , 0.105576 , 0.150252 , -0.006616 , 0.995824 , 0.052369 , 0.074776 , 0.000666 , -0.239746 , 0.142658 , -0.026250 , 4830.271484 , 4827.414062 , 4818.301758 , 4821.164551
15344368,	INFO,	-0.580066 , 0.406995 , 0.536681 , -0.645673 , -0.907698 , -0.038362 , 0.100672 , 0.152991 , -0.006404 , 0.995844 , 0.049925 , 0.076163 , 0.000657 , -0.244416 , 0.133021 , -0.026264 , 4832.268066 , 4824.985840 , 4820.475586 , 4819.206543
15416500,	INFO,	-0.592524 , 0.388544 , 0.535912 , -0.615215 , -0.927386 , -0.038493 , 0.095674 , 0.155539 , -0.006163 , 0.995866 , 0.047437 , 0.077455 , 0.000647 , -0.248711 , 0.123516 , -0.026092 , 4832.134277 , 4824.682129 , 4820.528320 , 4819.354980
15492074,	INFO,	-0.604364 , 0.369715 , 0.535140 , -0.584263 , -0.946081 , -0.038624 , 0.090592 , 0.157899 , -0.005887 , 0.995890 , 0.044909 , 0.078653 , 0.000640 , -0.252629 , 0.114172 , -0.025609 , 4829.848145 , 4826.579590 , 4818.408203 , 4821.682129
15568921,	INFO,	-0.615579 , 0.350527 , 0.534366 , -0.552845 , -0.963768 , -0.038737 , 0.085432 , 0.160073 , -0.005580 , 0.995914 , 0.042345 , 0.079759 , 0.000636 , -0.256198 , 0.104994 , -0.025310 , 4829.736328 , 4826.328125 , 4818.438965 , 4821.852539
15630617,	INFO,	-0.626158 , 0.331000 , 0.533589 , -0.521004 , -0.980440 , -0.038832 , 0.080202 , 0.162064 , -0.005250 , 0.995939 , 0.039748 , 0.080773 , 0.000631 , -0.259427 , 0.095946 , -0.025323 , 4829.394043 , 4826.140137 , 4818.813477 , 4822.071777
15690090,	INFO,	-0.636096 , 0.311155 , 0.532812 , -0.488782 , -0.996077 , -0.038910 , 0.074908 , 0.163877 , -0.004900 , 0.995965 , 0.037120 , 0.081698 , 0.000625 , -0.262326 , 0.087209 , -0.025337 , 4828.706055 , 4826.057617 , 4819.742188 , 4822.394043
15761250,	INFO,	-0.645383 , 0.291014 , 0.532033 , -0.456202 , -1.010668 , -0.038958 , 0.069557 , 0.165524 , -0.004531 , 0.995991 , 0.034466 , 0.082539 , 0.000618 , -0.264909 , 0.079293 , -0.025349 , 4827.949219 , 4826.069824 , 4820.934570 , 4822.815918
15817565,	INFO,	-0.654014 , 0.270596 , 0.531253 , -0.423306 , -1.024207 , -0.038964 , 0.064156 , 0.167032 , -0.004146 , 0.996016 , 0.031788 , 0.083309 , 0.000610 , -0.267168 , 0.072762 , -0.025360 , 4829.173340 , 4824.452148 , 4823.792969 , 4821.594238
15888031,	INFO,	-0.661983 , 0.249923 , 0.530474 , -0.390118 , -1.036678 , -0.038940 , 0.058712 , 0.168429 , -0.003745 , 0.996039 , 0.029091 , 0.084024 , 0.000604 , -0.269102 , 0.067681 , -0.025219 , 4827.303223 , 4826.396973 , 4823.018066 , 4823.925293
15962766,	INFO,	-0.669283 , 0.229017 , 0.529697 , -0.356650 , -1.048085 , -0.038862 , 0.053231 , 0.169740 , -0.003325 , 0.996058 , 0.026376 , 0.084694 , 0.000600 , -0.270735 , 0.063705 , -0.024975 , 4827.417480 , 4826.700684 , 4823.884766 , 4824.602051
16023371,	INFO,	-0.675910 , 0.207899 , 0.528921 , -0.322914 , -1.058412 , -0.038737 , 0.047719 , 0.170981 , -0.002891 , 0.996072 , 0.023647 , 0.085328 , 0.000597 , -0.272063 , 0.060500 , -0.024981 , 4827.679688 , 4827.090332 , 4824.766602 , 4825.355957
16080629,	INFO,	-0.681859 , 0.186591 , 0.528149 , -0.288939 , -1.067653 , -0.038552 , 0.042184 , 0.172164 , -0.002448 , 0.996082 , 0.020907 , 0.085931 , 0.000594 , -0.273096 , 0.057867 , -0.024985 , 4828.016602 , 4827.556641 , 4825.721191 , 4826.181152
16168164,	INFO,	-0.687125 , 0.165114 , 0.527382 , -0.254714 , -1.075810 , -0.038308 , 0.036629 , 0.173299 , -0.001994 , 0.996085 , 0.018159 , 0.086509 , 0.000592 , -0.273852 , 0.055693 , -0.024988 , 4828.423828 , 4828.090332 , 4826.736816 , 4827.070801
16228496,	INFO,	-0.691703 , 0.143491 , 0.526620 , -0.220263 , -1.082875 , -0.038010 , 0.031063 , 0.174396 , -0.001533 , 0.996083 , 0.015405 , 0.087065 , 0.000589 , -0.274325 , 0.054007 , -0.024992 , 4828.948242 , 4828.356445 , 4827.765137 , 4828.356445
16292083,	INFO,	-0.695589 , 0.121742 , 0.525865 , -0.185591 , -1.088844 , -0.037652 , 0.025491 , 0.175464 , -0.001064 , 0.996075 , 0.012649 , 0.087605 , 0.000587 , -0.274324 , 0.052780 , -0.024994 , 4830.384277 , 4829.010742 , 4827.636230 , 4829.010742
16352618,	INFO,	-0.698777 , 0.099891 , 0.525118 , -0.150698 , -1.093720 , -0.037247 , 0.019926 , 0.176504 , -0.000591 , 0.996060 , 0.009898 , 0.088130 , 0.000584 , -0.273826 , 0.051341 , -0.024997 , 4835.698242 , 4828.789551 , 4821.871582 , 4828.789551
16408803,	INFO,	-0.701265 , 0.077958 , 0.524379 , -0.115591 , -1.097501 , -0.036824 , 0.014370 , 0.177466 , -0.000115 , 0.996040 , 0.007152 , 0.088614 , 0.000580 , -0.273330 , 0.045886 , -0.025005 , 4841.150391 , 4826.714844 , 4819.566895 , 4826.714844
16467255,	INFO,	-0.703047 , 0.055967 , 0.523649 , -0.080293 , -1.100190 , -0.036430 , 0.008824 , 0.178197 , 0.000367 , 0.996023 , 0.004411 , 0.088981 , 0.000575 , -0.272836 , 0.032767 , -0.024869 , 4840.912598 , 4826.542480 , 4819.136719 , 4826.542480
16518373,	INFO,	-0.704122 , 0.033938 , 0.522925 , -0.044864 , -1.101787 , -0.036079 , 0.003286 , 0.178594 , 0.000858 , 0.996014 , 0.001675 , 0.089179 , 0.000574 , -0.272346 , 0.015795 , -0.024483 , 4836.808594 , 4828.040039 , 4819.255859 , 4828.040039
16579038,	INFO,	-0.704487 , 0.011893 , 0.522209 , -0.009358 , -1.102297 , -0.035757 , -0.002242 , 0.178661 , 0.001354 , 0.996012 , -0.001056 , 0.089211 , 0.000574 , -0.271859 , 0.000025 , -0.024258 , 4834.672852 , 4827.792480 , 4820.902344 , 4827.792480
16634411,	INFO,	-0.704141 , -0.010146 , 0.521498 , 0.026137 , -1.101720 , -0.035447 , -0.007759 , 0.178458 , 0.001849 , 0.996015 , -0.003782 , 0.089106 , 0.000575 , -0.271372 , -0.012554 , -0.024279 , 4833.824219 , 4826.703613 , 4821.262207 , 4828.391113
16693967,	INFO,	-0.703087 , -0.032157 , 0.520794 , 0.061578 , -1.100059 , -0.035161 , -0.013261 , 0.178038 , 0.002339 , 0.996020 , -0.006500 , 0.088892 , 0.000576 , -0.270393 , -0.022897 , -0.024297 , 4833.926270 , 4826.058594 , 4820.687500 , 4828.563965
16750296,	INFO,	-0.701325 , -0.054118 , 0.520095 , 0.096935 , -1.097317 , -0.034887 , -0.018724 , 0.177417 , 0.002820 , 0.996027 , -0.009200 , 0.088575 , 0.000575 , -0.268354 , -0.032838 , -0.024313 , 4834.121582 , 4825.833496 , 4820.027832 , 4828.326172
16815050,	INFO,	-0.698858 , -0.076008 , 0.519401 , 0.132155 , -1.093502 , -0.034624 , -0.024137 , 0.176587 , 0.003288 , 0.996036 , -0.011876 , 0.088152 , 0.000573 , -0.265924 , -0.043336 , -0.024331 , 4833.909668 , 4825.728516 , 4819.792969 , 4827.984375
16892482,	INFO,	-0.695688 , -0.097807 , 0.518712 , 0.167215 , -1.088624 , -0.034380 , -0.029499 , 0.175537 , 0.003741 , 0.996048 , -0.014528 , 0.087619 , 0.000570 , -0.263574 , -0.054251 , -0.024348 , 4833.335938 , 4825.507324 , 4819.941406 , 4827.779297
16949905,	INFO,	-0.691821 , -0.119492 , 0.518028 , 0.202048 , -1.082696 , -0.034142 , -0.034813 , 0.174269 , 0.004180 , 0.996063 , -0.017158 , 0.086975 , 0.000567 , -0.261343 , -0.064935 , -0.024367 , 4834.419922 , 4823.404785 , 4821.926270 , 4826.000977
17010475,	INFO,	-0.687261 , -0.141042 , 0.517349 , 0.236624 , -1.075721 , -0.033915 , -0.040078 , 0.172795 , 0.004605 , 0.996079 , -0.019764 , 0.086227 , 0.000565 , -0.259012 , -0.074988 , -0.024232 , 4832.177734 , 4824.729980 , 4820.316406 , 4827.770996
17071920,	INFO,	-0.682014 , -0.162438 , 0.516674 , 0.270903 , -1.067713 , -0.033683 , -0.045288 , 0.171128 , 0.005019 , 0.996098 , -0.022345 , 0.085381 , 0.000565 , -0.256400 , -0.084391 , -0.023995 , 4831.833496 , 4824.359375 , 4820.295410 , 4827.775879
17131795,	INFO,	-0.676086 , -0.183658 , 0.516003 , 0.304854 , -1.058683 , -0.033468 , -0.050438 , 0.169278 , 0.005413 , 0.996117 , -0.024898 , 0.084443 , 0.000564 , -0.253464 , -0.093377 , -0.024009 , 4831.568848 , 4824.068359 , 4820.230469 , 4827.736816
17202069,	INFO,	-0.669485 , -0.204682 , 0.515338 , 0.338435 , -1.048638 , -0.033236 , -0.055520 , 0.167250 , 0.005787 , 0.996137 , -0.027418 , 0.083415 , 0.000564 , -0.250279 , -0.102135 , -0.024022 , 4831.276367 , 4823.811035 , 4820.201172 , 4827.671875
17262452,	INFO,	-0.662219 , -0.225490 , 0.514676 , 0.371599 , -1.037593 , -0.033003 , -0.060531 , 0.165048 , 0.006137 , 0.996159 , -0.029906 , 0.082300 , 0.000562 , -0.246921 , -0.110694 , -0.024035 , 4830.939941 , 4823.562012 , 4820.243652 , 4827.626465
17333570,	INFO,	-0.654295 , -0.246063 , 0.514020 , 0.404328 , -1.025562 , -0.032777 , -0.065468 , 0.162678 , 0.006465 , 0.996180 , -0.032359 , 0.081100 , 0.000561 , -0.243412 , -0.119020 , -0.024046 , 4830.591797 , 4823.311523 , 4820.329102 , 4827.613281
17399534,	INFO,	-0.645724 , -0.266380 , 0.513368 , 0.436580 , -1.012558 , -0.032550 , -0.070328 , 0.160145 , 0.006768 , 0.996203 , -0.034775 , 0.079818 , 0.000559 , -0.239747 , -0.126994 , -0.024055 , 4832.024902 , 4821.319824 , 4822.140625 , 4825.889648
17461219,	INFO,	-0.636515 , -0.286423 , 0.512720 , 0.468332 , -0.998601 , -0.032306 , -0.075107 , 0.157456 , 0.007047 , 0.996225 , -0.037153 , 0.078459 , 0.000557 , -0.235892 , -0.134645 , -0.023916 , 4830.014648 , 4822.826172 , 4820.450684 , 4827.642578
17516419,	INFO,	-0.626680 , -0.306173 , 0.512078 , 0.499552 , -0.983697 , -0.032061 , -0.079801 , 0.154618 , 0.007306 , 0.996247 , -0.039491 , 0.077025 , 0.000558 , -0.231845 , -0.141994 , -0.023673 , 4829.777832 , 4822.607910 , 4820.493652 , 4827.666504
17581368,	INFO,	-0.616228 , -0.325611 , 0.511440 , 0.530207 , -0.967866 , -0.031811 , -0.084407 , 0.151637 , 0.007538 , 0.996268 , -0.041786 , 0.075519 , 0.000559 , -0.227610 , -0.149101 , -0.023681 , 4829.544922 , 4822.407715 , 4820.557129 , 4827.697266
17647439,	INFO,	-0.605172 , -0.344718 , 0.510808 , 0.560266 , -0.951126 , -0.031543 , -0.088920 , 0.148516 , 0.007743 , 0.996289 , -0.044038 , 0.073945 , 0.000560 , -0.223201 , -0.155976 , -0.023690 , 4829.306152 , 4822.217285 , 4820.640137 , 4827.730957
17716481,	INFO,	-0.593525 , -0.363477 , 0.510181 , 0.589705 , -0.933492 , -0.031275 , -0.093337 , 0.145262 , 0.007919 , 0.996310 , -0.046244 , 0.072303 , 0.000559 , -0.218618 , -0.162598 , -0.023695 , 4829.085938 , 4822.041992 , 4820.732910 , 4827.778320
17772884,	INFO,	-0.581298 , -0.381870 , 0.509560 , 0.618500 , -0.914991 , -0.030988 , -0.097656 , 0.141880 , 0.008067 , 0.996330 , -0.048403 , 0.070599 , 0.000559 , -0.213873 , -0.168950 , -0.023701 , 4828.889648 , 4821.877930 , 4820.814941 , 4827.828613
17828060,	INFO,	-0.568505 , -0.399881 , 0.508945 , 0.646615 , -0.895631 , -0.030696 , -0.101873 , 0.138374 , 0.008185 , 0.996348 , -0.050513 , 0.068834 , 0.000558 , -0.208965 , -0.175067 , -0.023706 , 4828.701660 , 4821.722656 , 4820.912109 , 4827.892090
17908837,	INFO,	-0.555161 , -0.417492 , 0.508335 , 0.674051 , -0.875437 , -0.030404 , -0.105985 , 0.134750 , 0.008275 , 0.996366 , -0.052572 , 0.067010 , 0.000556 , -0.203894 , -0.180953 , -0.023710 , 4828.541016 , 4821.581543 , 4821.004395 , 4827.965332
17980087,	INFO,	-0.541278 , -0.434686 , 0.507732 , 0.700754 , -0.854421 , -0.030088 , -0.109989 , 0.131012 , 0.008334 , 0.996383 , -0.054579 , 0.065131 , 0.000554 , -0.198668 , -0.186612 , -0.023716 , 4830.266113 , 4819.543457 , 4823.001953 , 4826.153809
18052558,	INFO,	-0.526873 , -0.451448 , 0.507135 , 0.726712 , -0.832614 , -0.029773 , -0.113882 , 0.127165 , 0.008367 , 0.996398 , -0.056533 , 0.063198 , 0.000552 , -0.193286 , -0.192058 , -0.023553 , 4828.217285 , 4821.311035 , 4821.227539 , 4828.133789
18113342,	INFO,	-0.511960 , -0.467763 , 0.506544 , 0.751913 , -0.810036 , -0.029439 , -0.117660 , 0.123212 , 0.008376 , 0.996413 , -0.058430 , 0.061214 , 0.000553 , -0.187730 , -0.197283 , -0.023282 , 4828.069824 , 4821.202148 , 4821.343750 , 4828.210938
18183872,	INFO,	-0.496554 , -0.483615 , 0.505960 , 0.776327 , -0.786710 , -0.029105 , -0.121323 , 0.119160 , 0.008357 , 0.996426 , -0.060271 , 0.059182 , 0.000553 , -0.182035 , -0.202289 , -0.023284 , 4827.936035 , 4821.104004 , 4821.467773 , 4828.299316
18239261,	INFO,	-0.480672 , -0.498989 , 0.505384 , 0.799939 , -0.762650 , -0.028753 , -0.124865 , 0.115012 , 0.008309 , 0.996438 , -0.062054 , 0.057103 , 0.000553 , -0.176205 , -0.207083 , -0.023285 , 4827.808594 , 4821.000000 , 4821.586914 , 4828.394531
18299638,	INFO,	-0.464331 , -0.513871 , 0.504814 , 0.822720 , -0.737888 , -0.028390 , -0.128287 , 0.110773 , 0.008232 , 0.996448 , -0.063777 , 0.054980 , 0.000553 , -0.170230 , -0.211669 , -0.023286 , 4827.681641 , 4820.905762 , 4821.714844 , 4828.489746
18354117,	INFO,	-0.447546 , -0.528248 , 0.504252 , 0.844663 , -0.712436 , -0.028026 , -0.131583 , 0.106446 , 0.008127 , 0.996458 , -0.065439 , 0.052815 , 0.000552 , -0.164109 , -0.216058 , -0.023287 , 4827.562500 , 4820.818359 , 4821.848145 , 4828.590820
18410022,	INFO,	-0.430336 , -0.542106 , 0.503697 , 0.865746 , -0.686336 , -0.027651 , -0.134753 , 0.102035 , 0.007995 , 0.996466 , -0.067038 , 0.050611 , 0.000550 , -0.157857 , -0.220236 , -0.023286 , 4827.450195 , 4820.740723 , 4821.979980 , 4828.687988
18465209,	INFO,	-0.412716 , -0.555432 , 0.503150 , 0.885954 , -0.659597 , -0.027263 , -0.137794 , 0.097546 , 0.007836 , 0.996473 , -0.068573 , 0.048368 , 0.000548 , -0.151466 , -0.224220 , -0.023284 , 4829.131836 , 4818.869141 , 4823.907715 , 4826.989258
18557196,	INFO,	-0.394706 , -0.568215 , 0.502610 , 0.905269 , -0.632262 , -0.026876 , -0.140704 , 0.092982 , 0.007652 , 0.996478 , -0.070044 , 0.046090 , 0.000545 , -0.144969 , -0.227997 , -0.023127 , 4827.234863 , 4820.598145 , 4822.249512 , 4828.884277
18627765,	INFO,	-0.376324 , -0.580442 , 0.502079 , 0.923669 , -0.604331 , -0.026476 , -0.143480 , 0.088346 , 0.007448 , 0.996483 , -0.071448 , 0.043778 , 0.000546 , -0.138352 , -0.231575 , -0.022865 , 4827.120605 , 4820.518555 , 4822.392578 , 4828.992188
18689481,	INFO,	-0.357587 , -0.592102 , 0.501555 , 0.941154 , -0.575858 , -0.026071 , -0.146121 , 0.083644 , 0.007221 , 0.996487 , -0.072784 , 0.041434 , 0.000546 , -0.131591 , -0.234967 , -0.022862 , 4827.469727 , 4820.836914 , 4822.971191 , 4829.601074

g3log g3FileSink shutdown at: 19:01:38